{"/Users/castro/Development/projects/lime/backend/src/app.module.ts": {"path":"/Users/castro/Development/projects/lime/backend/src/app.module.ts","statementMap":{"0":{"start":{"line":1,"column":0},"end":{"line":1,"column":54}},"1":{"start":{"line":2,"column":0},"end":{"line":2,"column":66}},"2":{"start":{"line":3,"column":0},"end":{"line":3,"column":37}},"3":{"start":{"line":4,"column":0},"end":{"line":4,"column":35}},"4":{"start":{"line":5,"column":0},"end":{"line":5,"column":30}},"5":{"start":{"line":6,"column":0},"end":{"line":6,"column":34}},"6":{"start":{"line":7,"column":0},"end":{"line":7,"column":48}},"7":{"start":{"line":8,"column":0},"end":{"line":8,"column":51}},"8":{"start":{"line":9,"column":0},"end":{"line":9,"column":54}},"9":{"start":{"line":10,"column":0},"end":{"line":10,"column":54}},"10":{"start":{"line":11,"column":0},"end":{"line":11,"column":48}},"11":{"start":{"line":12,"column":0},"end":{"line":12,"column":62}},"12":{"start":{"line":13,"column":0},"end":{"line":13,"column":55}},"13":{"start":{"line":14,"column":0},"end":{"line":14,"column":57}},"14":{"start":{"line":15,"column":0},"end":{"line":15,"column":58}},"15":{"start":{"line":16,"column":0},"end":{"line":16,"column":57}},"16":{"start":{"line":36,"column":7},"end":{"line":122,"column":null}},"17":{"start":{"line":39,"column":21},"end":{"line":39,"column":37}},"18":{"start":{"line":41,"column":21},"end":{"line":41,"column":39}},"19":{"start":{"line":43,"column":21},"end":{"line":43,"column":39}},"20":{"start":{"line":47,"column":24},"end":{"line":49,"column":6}},"21":{"start":{"line":51,"column":4},"end":{"line":60,"column":5}},"22":{"start":{"line":52,"column":6},"end":{"line":52,"column":58}},"23":{"start":{"line":54,"column":6},"end":{"line":57,"column":9}},"24":{"start":{"line":58,"column":6},"end":{"line":58,"column":70}},"25":{"start":{"line":59,"column":6},"end":{"line":59,"column":65}},"26":{"start":{"line":62,"column":4},"end":{"line":62,"column":45}},"27":{"start":{"line":64,"column":28},"end":{"line":64,"column":46}},"28":{"start":{"line":65,"column":31},"end":{"line":67,"column":6}},"29":{"start":{"line":69,"column":4},"end":{"line":85,"column":5}},"30":{"start":{"line":70,"column":6},"end":{"line":70,"column":54}},"31":{"start":{"line":72,"column":29},"end":{"line":72,"column":60}},"32":{"start":{"line":73,"column":25},"end":{"line":79,"column":8}},"33":{"start":{"line":81,"column":6},"end":{"line":81,"column":49}},"34":{"start":{"line":82,"column":6},"end":{"line":82,"column":49}},"35":{"start":{"line":83,"column":6},"end":{"line":83,"column":47}},"36":{"start":{"line":84,"column":6},"end":{"line":84,"column":40}},"37":{"start":{"line":89,"column":30},"end":{"line":89,"column":73}},"38":{"start":{"line":91,"column":4},"end":{"line":120,"column":5}},"39":{"start":{"line":92,"column":19},"end":{"line":92,"column":61}},"40":{"start":{"line":93,"column":19},"end":{"line":93,"column":35}},"41":{"start":{"line":95,"column":28},"end":{"line":97,"column":8}},"42":{"start":{"line":99,"column":36},"end":{"line":101,"column":8}},"43":{"start":{"line":103,"column":6},"end":{"line":114,"column":7}},"44":{"start":{"line":104,"column":8},"end":{"line":104,"column":73}},"45":{"start":{"line":106,"column":30},"end":{"line":110,"column":10}},"46":{"start":{"line":112,"column":8},"end":{"line":112,"column":56}},"47":{"start":{"line":113,"column":8},"end":{"line":113,"column":74}},"48":{"start":{"line":116,"column":6},"end":{"line":119,"column":8}},"49":{"start":{"line":36,"column":13},"end":{"line":36,"column":22}},"50":{"start":{"line":36,"column":13},"end":{"line":122,"column":null}}},"fnMap":{"0":{"name":"(anonymous_4)","decl":{"start":{"line":37,"column":2},"end":{"line":37,"column":null}},"loc":{"start":{"line":43,"column":57},"end":{"line":44,"column":6}}},"1":{"name":"(anonymous_5)","decl":{"start":{"line":46,"column":2},"end":{"line":46,"column":7}},"loc":{"start":{"line":46,"column":20},"end":{"line":86,"column":3}}},"2":{"name":"(anonymous_6)","decl":{"start":{"line":88,"column":10},"end":{"line":88,"column":15}},"loc":{"start":{"line":88,"column":43},"end":{"line":121,"column":3}}}},"branchMap":{"0":{"loc":{"start":{"line":51,"column":4},"end":{"line":60,"column":5}},"type":"if","locations":[{"start":{"line":51,"column":4},"end":{"line":60,"column":5}},{"start":{"line":53,"column":11},"end":{"line":60,"column":5}}]},"1":{"loc":{"start":{"line":69,"column":4},"end":{"line":85,"column":5}},"type":"if","locations":[{"start":{"line":69,"column":4},"end":{"line":85,"column":5}},{"start":{"line":71,"column":11},"end":{"line":85,"column":5}}]},"2":{"loc":{"start":{"line":103,"column":6},"end":{"line":114,"column":7}},"type":"if","locations":[{"start":{"line":103,"column":6},"end":{"line":114,"column":7}},{"start":{"line":105,"column":13},"end":{"line":114,"column":7}}]}},"s":{"0":0,"1":0,"2":0,"3":0,"4":0,"5":0,"6":0,"7":0,"8":0,"9":0,"10":0,"11":0,"12":0,"13":0,"14":0,"15":0,"16":0,"17":0,"18":0,"19":0,"20":0,"21":0,"22":0,"23":0,"24":0,"25":0,"26":0,"27":0,"28":0,"29":0,"30":0,"31":0,"32":0,"33":0,"34":0,"35":0,"36":0,"37":0,"38":0,"39":0,"40":0,"41":0,"42":0,"43":0,"44":0,"45":0,"46":0,"47":0,"48":0,"49":0,"50":0},"f":{"0":0,"1":0,"2":0},"b":{"0":[0,0],"1":[0,0],"2":[0,0]}}
,"/Users/castro/Development/projects/lime/backend/src/main.ts": {"path":"/Users/castro/Development/projects/lime/backend/src/main.ts","statementMap":{"0":{"start":{"line":1,"column":0},"end":{"line":1,"column":43}},"1":{"start":{"line":2,"column":0},"end":{"line":2,"column":48}},"2":{"start":{"line":3,"column":0},"end":{"line":3,"column":41}},"3":{"start":{"line":6,"column":14},"end":{"line":6,"column":49}},"4":{"start":{"line":8,"column":2},"end":{"line":11,"column":5}},"5":{"start":{"line":13,"column":2},"end":{"line":18,"column":4}},"6":{"start":{"line":21,"column":2},"end":{"line":21,"column":32}},"7":{"start":{"line":23,"column":2},"end":{"line":23,"column":25}},"8":{"start":{"line":24,"column":2},"end":{"line":26,"column":4}},"9":{"start":{"line":29,"column":0},"end":{"line":29,"column":12}}},"fnMap":{"0":{"name":"bootstrap","decl":{"start":{"line":5,"column":15},"end":{"line":5,"column":24}},"loc":{"start":{"line":5,"column":24},"end":{"line":27,"column":1}}}},"branchMap":{},"s":{"0":0,"1":0,"2":0,"3":0,"4":0,"5":0,"6":0,"7":0,"8":0,"9":0},"f":{"0":0},"b":{}}
,"/Users/castro/Development/projects/lime/backend/src/auth/admin.controller.ts": {"path":"/Users/castro/Development/projects/lime/backend/src/auth/admin.controller.ts","statementMap":{"0":{"start":{"line":1,"column":0},"end":{"line":1,"column":null}},"1":{"start":{"line":10,"column":0},"end":{"line":10,"column":51}},"2":{"start":{"line":11,"column":0},"end":{"line":11,"column":37}},"3":{"start":{"line":12,"column":0},"end":{"line":12,"column":45}},"4":{"start":{"line":13,"column":0},"end":{"line":13,"column":60}},"5":{"start":{"line":14,"column":0},"end":{"line":14,"column":61}},"6":{"start":{"line":15,"column":0},"end":{"line":15,"column":48}},"7":{"start":{"line":16,"column":0},"end":{"line":16,"column":53}},"8":{"start":{"line":20,"column":7},"end":{"line":95,"column":null}},"9":{"start":{"line":22,"column":12},"end":{"line":22,"column":25}},"10":{"start":{"line":23,"column":12},"end":{"line":23,"column":32}},"11":{"start":{"line":25,"column":12},"end":{"line":25,"column":28}},"12":{"start":{"line":30,"column":48},"end":{"line":30,"column":61}},"13":{"start":{"line":32,"column":4},"end":{"line":34,"column":5}},"14":{"start":{"line":33,"column":6},"end":{"line":33,"column":78}},"15":{"start":{"line":36,"column":4},"end":{"line":86,"column":5}},"16":{"start":{"line":38,"column":17},"end":{"line":38,"column":72}},"17":{"start":{"line":40,"column":6},"end":{"line":75,"column":7}},"18":{"start":{"line":42,"column":8},"end":{"line":44,"column":9}},"19":{"start":{"line":43,"column":10},"end":{"line":43,"column":66}},"20":{"start":{"line":47,"column":8},"end":{"line":47,"column":35}},"21":{"start":{"line":48,"column":8},"end":{"line":50,"column":9}},"22":{"start":{"line":49,"column":10},"end":{"line":49,"column":35}},"23":{"start":{"line":51,"column":28},"end":{"line":51,"column":64}},"24":{"start":{"line":52,"column":43},"end":{"line":52,"column":54}},"25":{"start":{"line":53,"column":8},"end":{"line":56,"column":10}},"26":{"start":{"line":59,"column":24},"end":{"line":63,"column":null}},"27":{"start":{"line":65,"column":8},"end":{"line":65,"column":38}},"28":{"start":{"line":66,"column":8},"end":{"line":68,"column":9}},"29":{"start":{"line":67,"column":10},"end":{"line":67,"column":38}},"30":{"start":{"line":69,"column":28},"end":{"line":69,"column":67}},"31":{"start":{"line":70,"column":43},"end":{"line":70,"column":54}},"32":{"start":{"line":71,"column":8},"end":{"line":74,"column":10}},"33":{"start":{"line":77,"column":6},"end":{"line":82,"column":7}},"34":{"start":{"line":81,"column":8},"end":{"line":81,"column":20}},"35":{"start":{"line":83,"column":6},"end":{"line":85,"column":8}},"36":{"start":{"line":91,"column":17},"end":{"line":91,"column":71}},"37":{"start":{"line":92,"column":39},"end":{"line":92,"column":43}},"38":{"start":{"line":93,"column":4},"end":{"line":93,"column":18}},"39":{"start":{"line":20,"column":13},"end":{"line":20,"column":28}},"40":{"start":{"line":29,"column":8},"end":{"line":87,"column":null}},"41":{"start":{"line":90,"column":8},"end":{"line":94,"column":null}},"42":{"start":{"line":20,"column":13},"end":{"line":95,"column":null}}},"fnMap":{"0":{"name":"(anonymous_4)","decl":{"start":{"line":21,"column":2},"end":{"line":21,"column":null}},"loc":{"start":{"line":25,"column":44},"end":{"line":26,"column":6}}},"1":{"name":"(anonymous_5)","decl":{"start":{"line":29,"column":2},"end":{"line":29,"column":7}},"loc":{"start":{"line":29,"column":56},"end":{"line":87,"column":3}}},"2":{"name":"(anonymous_6)","decl":{"start":{"line":90,"column":2},"end":{"line":90,"column":7}},"loc":{"start":{"line":90,"column":47},"end":{"line":94,"column":3}}}},"branchMap":{"0":{"loc":{"start":{"line":32,"column":4},"end":{"line":34,"column":5}},"type":"if","locations":[{"start":{"line":32,"column":4},"end":{"line":34,"column":5}}]},"1":{"loc":{"start":{"line":32,"column":8},"end":{"line":32,"column":36}},"type":"binary-expr","locations":[{"start":{"line":32,"column":8},"end":{"line":32,"column":14}},{"start":{"line":32,"column":18},"end":{"line":32,"column":27}},{"start":{"line":32,"column":31},"end":{"line":32,"column":36}}]},"2":{"loc":{"start":{"line":40,"column":6},"end":{"line":75,"column":7}},"type":"if","locations":[{"start":{"line":40,"column":6},"end":{"line":75,"column":7}},{"start":{"line":57,"column":13},"end":{"line":75,"column":7}}]},"3":{"loc":{"start":{"line":42,"column":8},"end":{"line":44,"column":9}},"type":"if","locations":[{"start":{"line":42,"column":8},"end":{"line":44,"column":9}}]},"4":{"loc":{"start":{"line":48,"column":8},"end":{"line":50,"column":9}},"type":"if","locations":[{"start":{"line":48,"column":8},"end":{"line":50,"column":9}}]},"5":{"loc":{"start":{"line":66,"column":8},"end":{"line":68,"column":9}},"type":"if","locations":[{"start":{"line":66,"column":8},"end":{"line":68,"column":9}}]},"6":{"loc":{"start":{"line":77,"column":6},"end":{"line":82,"column":7}},"type":"if","locations":[{"start":{"line":77,"column":6},"end":{"line":82,"column":7}}]},"7":{"loc":{"start":{"line":78,"column":8},"end":{"line":79,"column":44}},"type":"binary-expr","locations":[{"start":{"line":78,"column":8},"end":{"line":78,"column":42}},{"start":{"line":79,"column":8},"end":{"line":79,"column":44}}]}},"s":{"0":1,"1":1,"2":1,"3":1,"4":1,"5":1,"6":1,"7":1,"8":1,"9":6,"10":6,"11":6,"12":4,"13":4,"14":1,"15":3,"16":3,"17":3,"18":2,"19":1,"20":1,"21":1,"22":1,"23":1,"24":1,"25":1,"26":1,"27":1,"28":1,"29":1,"30":1,"31":1,"32":1,"33":1,"34":1,"35":0,"36":1,"37":1,"38":1,"39":1,"40":1,"41":1,"42":1},"f":{"0":6,"1":4,"2":1},"b":{"0":[1],"1":[4,3,3],"2":[2,1],"3":[1],"4":[1],"5":[1],"6":[1],"7":[1,0]}}
,"/Users/castro/Development/projects/lime/backend/src/auth/auth.controller.ts": {"path":"/Users/castro/Development/projects/lime/backend/src/auth/auth.controller.ts","statementMap":{"0":{"start":{"line":1,"column":0},"end":{"line":1,"column":null}},"1":{"start":{"line":10,"column":0},"end":{"line":10,"column":45}},"2":{"start":{"line":11,"column":0},"end":{"line":11,"column":43}},"3":{"start":{"line":12,"column":0},"end":{"line":12,"column":61}},"4":{"start":{"line":13,"column":0},"end":{"line":13,"column":48}},"5":{"start":{"line":16,"column":7},"end":{"line":48,"column":null}},"6":{"start":{"line":17,"column":22},"end":{"line":17,"column":35}},"7":{"start":{"line":21,"column":4},"end":{"line":21,"column":44}},"8":{"start":{"line":26,"column":60},"end":{"line":26,"column":73}},"9":{"start":{"line":28,"column":4},"end":{"line":30,"column":5}},"10":{"start":{"line":29,"column":6},"end":{"line":29,"column":61}},"11":{"start":{"line":32,"column":17},"end":{"line":37,"column":null}},"12":{"start":{"line":39,"column":39},"end":{"line":39,"column":43}},"13":{"start":{"line":40,"column":4},"end":{"line":40,"column":18}},"14":{"start":{"line":46,"column":4},"end":{"line":46,"column":20}},"15":{"start":{"line":16,"column":13},"end":{"line":16,"column":27}},"16":{"start":{"line":20,"column":8},"end":{"line":22,"column":null}},"17":{"start":{"line":25,"column":8},"end":{"line":41,"column":null}},"18":{"start":{"line":45,"column":2},"end":{"line":47,"column":null}},"19":{"start":{"line":16,"column":13},"end":{"line":48,"column":null}}},"fnMap":{"0":{"name":"(anonymous_4)","decl":{"start":{"line":17,"column":2},"end":{"line":17,"column":22}},"loc":{"start":{"line":17,"column":46},"end":{"line":17,"column":50}}},"1":{"name":"(anonymous_5)","decl":{"start":{"line":20,"column":2},"end":{"line":20,"column":7}},"loc":{"start":{"line":20,"column":40},"end":{"line":22,"column":3}}},"2":{"name":"(anonymous_6)","decl":{"start":{"line":25,"column":2},"end":{"line":25,"column":7}},"loc":{"start":{"line":25,"column":53},"end":{"line":41,"column":3}}},"3":{"name":"(anonymous_7)","decl":{"start":{"line":45,"column":2},"end":{"line":45,"column":12}},"loc":{"start":{"line":45,"column":27},"end":{"line":47,"column":3}}}},"branchMap":{"0":{"loc":{"start":{"line":28,"column":4},"end":{"line":30,"column":5}},"type":"if","locations":[{"start":{"line":28,"column":4},"end":{"line":30,"column":5}}]}},"s":{"0":1,"1":1,"2":1,"3":1,"4":1,"5":1,"6":6,"7":2,"8":2,"9":2,"10":1,"11":1,"12":1,"13":1,"14":1,"15":1,"16":1,"17":1,"18":1,"19":1},"f":{"0":6,"1":2,"2":2,"3":1},"b":{"0":[1]}}
,"/Users/castro/Development/projects/lime/backend/src/auth/auth.module.ts": {"path":"/Users/castro/Development/projects/lime/backend/src/auth/auth.module.ts","statementMap":{"0":{"start":{"line":1,"column":0},"end":{"line":1,"column":40}},"1":{"start":{"line":2,"column":0},"end":{"line":2,"column":40}},"2":{"start":{"line":3,"column":0},"end":{"line":3,"column":50}},"3":{"start":{"line":4,"column":0},"end":{"line":4,"column":48}},"4":{"start":{"line":5,"column":0},"end":{"line":5,"column":51}},"5":{"start":{"line":6,"column":0},"end":{"line":6,"column":53}},"6":{"start":{"line":7,"column":0},"end":{"line":7,"column":45}},"7":{"start":{"line":8,"column":0},"end":{"line":8,"column":60}},"8":{"start":{"line":9,"column":0},"end":{"line":9,"column":45}},"9":{"start":{"line":10,"column":0},"end":{"line":10,"column":53}},"10":{"start":{"line":25,"column":7},"end":{"line":25,"column":null}},"11":{"start":{"line":25,"column":13},"end":{"line":25,"column":23}},"12":{"start":{"line":25,"column":13},"end":{"line":25,"column":null}}},"fnMap":{},"branchMap":{"0":{"loc":{"start":{"line":17,"column":14},"end":{"line":17,"column":52}},"type":"binary-expr","locations":[{"start":{"line":17,"column":14},"end":{"line":17,"column":36}},{"start":{"line":17,"column":40},"end":{"line":17,"column":52}}]}},"s":{"0":0,"1":0,"2":0,"3":0,"4":0,"5":0,"6":0,"7":0,"8":0,"9":0,"10":0,"11":0,"12":0},"f":{},"b":{"0":[0,0]}}
,"/Users/castro/Development/projects/lime/backend/src/auth/auth.service.ts": {"path":"/Users/castro/Development/projects/lime/backend/src/auth/auth.service.ts","statementMap":{"0":{"start":{"line":1,"column":0},"end":{"line":1,"column":67}},"1":{"start":{"line":2,"column":0},"end":{"line":2,"column":41}},"2":{"start":{"line":3,"column":0},"end":{"line":3,"column":51}},"3":{"start":{"line":4,"column":0},"end":{"line":4,"column":37}},"4":{"start":{"line":5,"column":0},"end":{"line":5,"column":35}},"5":{"start":{"line":6,"column":0},"end":{"line":6,"column":53}},"6":{"start":{"line":10,"column":7},"end":{"line":68,"column":null}},"7":{"start":{"line":13,"column":12},"end":{"line":13,"column":28}},"8":{"start":{"line":14,"column":12},"end":{"line":14,"column":24}},"9":{"start":{"line":18,"column":17},"end":{"line":18,"column":72}},"10":{"start":{"line":19,"column":4},"end":{"line":22,"column":5}},"11":{"start":{"line":20,"column":41},"end":{"line":20,"column":45}},"12":{"start":{"line":21,"column":6},"end":{"line":21,"column":20}},"13":{"start":{"line":23,"column":4},"end":{"line":23,"column":16}},"14":{"start":{"line":27,"column":17},"end":{"line":27,"column":75}},"15":{"start":{"line":28,"column":4},"end":{"line":30,"column":5}},"16":{"start":{"line":29,"column":6},"end":{"line":29,"column":61}},"17":{"start":{"line":32,"column":20},"end":{"line":37,"column":6}},"18":{"start":{"line":38,"column":4},"end":{"line":48,"column":6}},"19":{"start":{"line":58,"column":27},"end":{"line":58,"column":58}},"20":{"start":{"line":59,"column":17},"end":{"line":65,"column":6}},"21":{"start":{"line":66,"column":4},"end":{"line":66,"column":42}},"22":{"start":{"line":10,"column":13},"end":{"line":10,"column":24}},"23":{"start":{"line":10,"column":13},"end":{"line":68,"column":null}}},"fnMap":{"0":{"name":"(anonymous_4)","decl":{"start":{"line":11,"column":2},"end":{"line":11,"column":null}},"loc":{"start":{"line":14,"column":34},"end":{"line":15,"column":6}}},"1":{"name":"(anonymous_5)","decl":{"start":{"line":17,"column":2},"end":{"line":17,"column":7}},"loc":{"start":{"line":17,"column":52},"end":{"line":24,"column":3}}},"2":{"name":"(anonymous_6)","decl":{"start":{"line":26,"column":2},"end":{"line":26,"column":7}},"loc":{"start":{"line":26,"column":32},"end":{"line":49,"column":3}}},"3":{"name":"(anonymous_7)","decl":{"start":{"line":51,"column":2},"end":{"line":51,"column":7}},"loc":{"start":{"line":56,"column":23},"end":{"line":67,"column":3}}}},"branchMap":{"0":{"loc":{"start":{"line":19,"column":4},"end":{"line":22,"column":5}},"type":"if","locations":[{"start":{"line":19,"column":4},"end":{"line":22,"column":5}}]},"1":{"loc":{"start":{"line":19,"column":8},"end":{"line":19,"column":63}},"type":"binary-expr","locations":[{"start":{"line":19,"column":8},"end":{"line":19,"column":12}},{"start":{"line":19,"column":17},"end":{"line":19,"column":62}}]},"2":{"loc":{"start":{"line":28,"column":4},"end":{"line":30,"column":5}},"type":"if","locations":[{"start":{"line":28,"column":4},"end":{"line":30,"column":5}}]}},"s":{"0":2,"1":2,"2":2,"3":2,"4":2,"5":2,"6":2,"7":0,"8":0,"9":0,"10":0,"11":0,"12":0,"13":0,"14":0,"15":0,"16":0,"17":0,"18":0,"19":0,"20":0,"21":0,"22":2,"23":2},"f":{"0":0,"1":0,"2":0,"3":0},"b":{"0":[0],"1":[0,0],"2":[0]}}
,"/Users/castro/Development/projects/lime/backend/src/auth/jwt-auth.guard.ts": {"path":"/Users/castro/Development/projects/lime/backend/src/auth/jwt-auth.guard.ts","statementMap":{"0":{"start":{"line":1,"column":0},"end":{"line":1,"column":44}},"1":{"start":{"line":2,"column":0},"end":{"line":2,"column":45}},"2":{"start":{"line":5,"column":7},"end":{"line":5,"column":null}},"3":{"start":{"line":5,"column":13},"end":{"line":5,"column":25}},"4":{"start":{"line":5,"column":13},"end":{"line":5,"column":null}}},"fnMap":{},"branchMap":{},"s":{"0":6,"1":6,"2":6,"3":6,"4":6},"f":{},"b":{}}
,"/Users/castro/Development/projects/lime/backend/src/auth/jwt.strategy.ts": {"path":"/Users/castro/Development/projects/lime/backend/src/auth/jwt.strategy.ts","statementMap":{"0":{"start":{"line":1,"column":0},"end":{"line":1,"column":52}},"1":{"start":{"line":2,"column":0},"end":{"line":2,"column":52}},"2":{"start":{"line":3,"column":0},"end":{"line":3,"column":44}},"3":{"start":{"line":6,"column":7},"end":{"line":23,"column":null}},"4":{"start":{"line":8,"column":4},"end":{"line":12,"column":7}},"5":{"start":{"line":16,"column":4},"end":{"line":21,"column":6}},"6":{"start":{"line":6,"column":13},"end":{"line":6,"column":24}},"7":{"start":{"line":6,"column":13},"end":{"line":23,"column":null}}},"fnMap":{"0":{"name":"(anonymous_2)","decl":{"start":{"line":7,"column":2},"end":{"line":7,"column":null}},"loc":{"start":{"line":7,"column":2},"end":{"line":13,"column":3}}},"1":{"name":"(anonymous_3)","decl":{"start":{"line":15,"column":2},"end":{"line":15,"column":7}},"loc":{"start":{"line":15,"column":29},"end":{"line":22,"column":3}}}},"branchMap":{"0":{"loc":{"start":{"line":11,"column":19},"end":{"line":11,"column":57}},"type":"binary-expr","locations":[{"start":{"line":11,"column":19},"end":{"line":11,"column":41}},{"start":{"line":11,"column":45},"end":{"line":11,"column":57}}]}},"s":{"0":0,"1":0,"2":0,"3":0,"4":0,"5":0,"6":0,"7":0},"f":{"0":0,"1":0},"b":{"0":[0,0]}}
,"/Users/castro/Development/projects/lime/backend/src/auth/update-admin.service.ts": {"path":"/Users/castro/Development/projects/lime/backend/src/auth/update-admin.service.ts","statementMap":{"0":{"start":{"line":1,"column":0},"end":{"line":1,"column":44}},"1":{"start":{"line":2,"column":0},"end":{"line":2,"column":51}},"2":{"start":{"line":3,"column":0},"end":{"line":3,"column":37}},"3":{"start":{"line":4,"column":0},"end":{"line":4,"column":53}},"4":{"start":{"line":7,"column":7},"end":{"line":22,"column":null}},"5":{"start":{"line":10,"column":12},"end":{"line":10,"column":28}},"6":{"start":{"line":14,"column":17},"end":{"line":14,"column":72}},"7":{"start":{"line":15,"column":4},"end":{"line":17,"column":5}},"8":{"start":{"line":16,"column":6},"end":{"line":16,"column":40}},"9":{"start":{"line":19,"column":4},"end":{"line":19,"column":31}},"10":{"start":{"line":20,"column":4},"end":{"line":20,"column":42}},"11":{"start":{"line":7,"column":13},"end":{"line":7,"column":31}},"12":{"start":{"line":7,"column":13},"end":{"line":22,"column":null}}},"fnMap":{"0":{"name":"(anonymous_4)","decl":{"start":{"line":8,"column":2},"end":{"line":8,"column":null}},"loc":{"start":{"line":10,"column":44},"end":{"line":11,"column":6}}},"1":{"name":"(anonymous_5)","decl":{"start":{"line":13,"column":2},"end":{"line":13,"column":7}},"loc":{"start":{"line":13,"column":39},"end":{"line":21,"column":3}}}},"branchMap":{"0":{"loc":{"start":{"line":15,"column":4},"end":{"line":17,"column":5}},"type":"if","locations":[{"start":{"line":15,"column":4},"end":{"line":17,"column":5}}]}},"s":{"0":1,"1":1,"2":1,"3":1,"4":1,"5":0,"6":0,"7":0,"8":0,"9":0,"10":0,"11":1,"12":1},"f":{"0":0,"1":0},"b":{"0":[0]}}
,"/Users/castro/Development/projects/lime/backend/src/auth/dto/login.dto.ts": {"path":"/Users/castro/Development/projects/lime/backend/src/auth/dto/login.dto.ts","statementMap":{"0":{"start":{"line":1,"column":0},"end":{"line":1,"column":52}},"1":{"start":{"line":3,"column":0},"end":{"line":3,"column":13}},"2":{"start":{"line":5,"column":2},"end":{"line":5,"column":null}},"3":{"start":{"line":8,"column":2},"end":{"line":8,"column":null}}},"fnMap":{},"branchMap":{},"s":{"0":1,"1":1,"2":1,"3":1},"f":{},"b":{}}
,"/Users/castro/Development/projects/lime/backend/src/claims/claims.controller.ts": {"path":"/Users/castro/Development/projects/lime/backend/src/claims/claims.controller.ts","statementMap":{"0":{"start":{"line":1,"column":0},"end":{"line":1,"column":null}},"1":{"start":{"line":14,"column":0},"end":{"line":14,"column":49}},"2":{"start":{"line":15,"column":0},"end":{"line":15,"column":56}},"3":{"start":{"line":16,"column":0},"end":{"line":16,"column":56}},"4":{"start":{"line":17,"column":0},"end":{"line":17,"column":54}},"5":{"start":{"line":20,"column":7},"end":{"line":81,"column":null}},"6":{"start":{"line":21,"column":31},"end":{"line":21,"column":46}},"7":{"start":{"line":29,"column":4},"end":{"line":31,"column":5}},"8":{"start":{"line":30,"column":6},"end":{"line":30,"column":75}},"9":{"start":{"line":32,"column":4},"end":{"line":34,"column":5}},"10":{"start":{"line":33,"column":6},"end":{"line":33,"column":75}},"11":{"start":{"line":35,"column":4},"end":{"line":39,"column":6}},"12":{"start":{"line":45,"column":4},"end":{"line":45,"column":70}},"13":{"start":{"line":51,"column":39},"end":{"line":51,"column":47}},"14":{"start":{"line":52,"column":4},"end":{"line":52,"column":66}},"15":{"start":{"line":58,"column":4},"end":{"line":58,"column":74}},"16":{"start":{"line":68,"column":4},"end":{"line":73,"column":6}},"17":{"start":{"line":79,"column":4},"end":{"line":79,"column":73}},"18":{"start":{"line":20,"column":13},"end":{"line":20,"column":29}},"19":{"start":{"line":24,"column":8},"end":{"line":40,"column":null}},"20":{"start":{"line":44,"column":8},"end":{"line":46,"column":null}},"21":{"start":{"line":50,"column":2},"end":{"line":53,"column":null}},"22":{"start":{"line":57,"column":2},"end":{"line":59,"column":null}},"23":{"start":{"line":63,"column":2},"end":{"line":74,"column":null}},"24":{"start":{"line":78,"column":2},"end":{"line":80,"column":null}},"25":{"start":{"line":20,"column":13},"end":{"line":81,"column":null}}},"fnMap":{"0":{"name":"(anonymous_4)","decl":{"start":{"line":21,"column":2},"end":{"line":21,"column":31}},"loc":{"start":{"line":21,"column":59},"end":{"line":21,"column":63}}},"1":{"name":"(anonymous_5)","decl":{"start":{"line":24,"column":2},"end":{"line":24,"column":7}},"loc":{"start":{"line":27,"column":42},"end":{"line":40,"column":3}}},"2":{"name":"(anonymous_6)","decl":{"start":{"line":44,"column":2},"end":{"line":44,"column":7}},"loc":{"start":{"line":44,"column":69},"end":{"line":46,"column":3}}},"3":{"name":"(anonymous_7)","decl":{"start":{"line":50,"column":2},"end":{"line":50,"column":9}},"loc":{"start":{"line":50,"column":24},"end":{"line":53,"column":3}}},"4":{"name":"(anonymous_8)","decl":{"start":{"line":57,"column":2},"end":{"line":57,"column":9}},"loc":{"start":{"line":57,"column":49},"end":{"line":59,"column":3}}},"5":{"name":"(anonymous_9)","decl":{"start":{"line":63,"column":2},"end":{"line":63,"column":8}},"loc":{"start":{"line":66,"column":18},"end":{"line":74,"column":3}}},"6":{"name":"(anonymous_10)","decl":{"start":{"line":78,"column":2},"end":{"line":78,"column":8}},"loc":{"start":{"line":78,"column":48},"end":{"line":80,"column":3}}}},"branchMap":{"0":{"loc":{"start":{"line":29,"column":4},"end":{"line":31,"column":5}},"type":"if","locations":[{"start":{"line":29,"column":4},"end":{"line":31,"column":5}}]},"1":{"loc":{"start":{"line":32,"column":4},"end":{"line":34,"column":5}},"type":"if","locations":[{"start":{"line":32,"column":4},"end":{"line":34,"column":5}}]}},"s":{"0":1,"1":1,"2":1,"3":1,"4":1,"5":1,"6":9,"7":3,"8":1,"9":2,"10":1,"11":1,"12":1,"13":1,"14":1,"15":1,"16":1,"17":1,"18":1,"19":1,"20":1,"21":1,"22":1,"23":1,"24":1,"25":1},"f":{"0":9,"1":3,"2":1,"3":1,"4":1,"5":1,"6":1},"b":{"0":[1],"1":[1]}}
,"/Users/castro/Development/projects/lime/backend/src/claims/claims.module.ts": {"path":"/Users/castro/Development/projects/lime/backend/src/claims/claims.module.ts","statementMap":{"0":{"start":{"line":1,"column":0},"end":{"line":1,"column":40}},"1":{"start":{"line":2,"column":0},"end":{"line":2,"column":48}},"2":{"start":{"line":3,"column":0},"end":{"line":3,"column":49}},"3":{"start":{"line":4,"column":0},"end":{"line":4,"column":55}},"4":{"start":{"line":5,"column":0},"end":{"line":5,"column":48}},"5":{"start":{"line":6,"column":0},"end":{"line":6,"column":53}},"6":{"start":{"line":14,"column":7},"end":{"line":14,"column":null}},"7":{"start":{"line":14,"column":13},"end":{"line":14,"column":25}},"8":{"start":{"line":14,"column":13},"end":{"line":14,"column":null}}},"fnMap":{},"branchMap":{},"s":{"0":0,"1":0,"2":0,"3":0,"4":0,"5":0,"6":0,"7":0,"8":0},"f":{},"b":{}}
,"/Users/castro/Development/projects/lime/backend/src/claims/claims.service.ts": {"path":"/Users/castro/Development/projects/lime/backend/src/claims/claims.service.ts","statementMap":{"0":{"start":{"line":1,"column":0},"end":{"line":1,"column":null}},"1":{"start":{"line":6,"column":0},"end":{"line":6,"column":51}},"2":{"start":{"line":7,"column":0},"end":{"line":7,"column":37}},"3":{"start":{"line":8,"column":0},"end":{"line":8,"column":35}},"4":{"start":{"line":9,"column":0},"end":{"line":9,"column":48}},"5":{"start":{"line":10,"column":0},"end":{"line":10,"column":53}},"6":{"start":{"line":15,"column":7},"end":{"line":156,"column":null}},"7":{"start":{"line":18,"column":12},"end":{"line":18,"column":29}},"8":{"start":{"line":20,"column":12},"end":{"line":20,"column":28}},"9":{"start":{"line":25,"column":6},"end":{"line":26,"column":49}},"10":{"start":{"line":27,"column":18},"end":{"line":31,"column":6}},"11":{"start":{"line":32,"column":4},"end":{"line":32,"column":44}},"12":{"start":{"line":41,"column":15},"end":{"line":43,"column":6}},"13":{"start":{"line":45,"column":4},"end":{"line":60,"column":5}},"14":{"start":{"line":47,"column":26},"end":{"line":47,"column":71}},"15":{"start":{"line":48,"column":29},"end":{"line":48,"column":37}},"16":{"start":{"line":49,"column":29},"end":{"line":49,"column":66}},"17":{"start":{"line":51,"column":6},"end":{"line":58,"column":9}},"18":{"start":{"line":59,"column":6},"end":{"line":59,"column":50}},"19":{"start":{"line":63,"column":6},"end":{"line":64,"column":49}},"20":{"start":{"line":66,"column":18},"end":{"line":70,"column":6}},"21":{"start":{"line":72,"column":4},"end":{"line":72,"column":44}},"22":{"start":{"line":80,"column":18},"end":{"line":82,"column":46}},"23":{"start":{"line":84,"column":4},"end":{"line":87,"column":5}},"24":{"start":{"line":86,"column":6},"end":{"line":86,"column":29}},"25":{"start":{"line":89,"column":4},"end":{"line":99,"column":5}},"26":{"start":{"line":91,"column":6},"end":{"line":95,"column":7}},"27":{"start":{"line":92,"column":8},"end":{"line":94,"column":11}},"28":{"start":{"line":96,"column":11},"end":{"line":99,"column":5}},"29":{"start":{"line":98,"column":6},"end":{"line":98,"column":69}},"30":{"start":{"line":101,"column":4},"end":{"line":101,"column":27}},"31":{"start":{"line":109,"column":18},"end":{"line":112,"column":38}},"32":{"start":{"line":114,"column":4},"end":{"line":116,"column":5}},"33":{"start":{"line":115,"column":6},"end":{"line":115,"column":59}},"34":{"start":{"line":118,"column":18},"end":{"line":118,"column":38}},"35":{"start":{"line":119,"column":4},"end":{"line":121,"column":5}},"36":{"start":{"line":120,"column":6},"end":{"line":120,"column":67}},"37":{"start":{"line":122,"column":4},"end":{"line":122,"column":17}},"38":{"start":{"line":131,"column":18},"end":{"line":131,"column":58}},"39":{"start":{"line":134,"column":4},"end":{"line":140,"column":5}},"40":{"start":{"line":139,"column":6},"end":{"line":139,"column":74}},"41":{"start":{"line":142,"column":4},"end":{"line":142,"column":41}},"42":{"start":{"line":143,"column":4},"end":{"line":143,"column":44}},"43":{"start":{"line":147,"column":18},"end":{"line":147,"column":58}},"44":{"start":{"line":148,"column":4},"end":{"line":148,"column":45}},"45":{"start":{"line":152,"column":22},"end":{"line":152,"column":43}},"46":{"start":{"line":153,"column":19},"end":{"line":153,"column":75}},"47":{"start":{"line":154,"column":4},"end":{"line":154,"column":38}},"48":{"start":{"line":15,"column":13},"end":{"line":15,"column":26}},"49":{"start":{"line":15,"column":13},"end":{"line":156,"column":null}}},"fnMap":{"0":{"name":"(anonymous_4)","decl":{"start":{"line":16,"column":2},"end":{"line":16,"column":null}},"loc":{"start":{"line":20,"column":44},"end":{"line":21,"column":6}}},"1":{"name":"(anonymous_5)","decl":{"start":{"line":23,"column":2},"end":{"line":23,"column":7}},"loc":{"start":{"line":23,"column":61},"end":{"line":33,"column":3}}},"2":{"name":"(anonymous_6)","decl":{"start":{"line":35,"column":2},"end":{"line":35,"column":7}},"loc":{"start":{"line":38,"column":26},"end":{"line":73,"column":3}}},"3":{"name":"(anonymous_7)","decl":{"start":{"line":75,"column":2},"end":{"line":75,"column":7}},"loc":{"start":{"line":79,"column":3},"end":{"line":102,"column":3}}},"4":{"name":"(anonymous_8)","decl":{"start":{"line":104,"column":2},"end":{"line":104,"column":7}},"loc":{"start":{"line":107,"column":21},"end":{"line":123,"column":3}}},"5":{"name":"(anonymous_9)","decl":{"start":{"line":125,"column":2},"end":{"line":125,"column":7}},"loc":{"start":{"line":129,"column":21},"end":{"line":144,"column":3}}},"6":{"name":"(anonymous_10)","decl":{"start":{"line":146,"column":2},"end":{"line":146,"column":7}},"loc":{"start":{"line":146,"column":61},"end":{"line":149,"column":3}}},"7":{"name":"(anonymous_11)","decl":{"start":{"line":151,"column":2},"end":{"line":151,"column":7}},"loc":{"start":{"line":151,"column":36},"end":{"line":155,"column":3}}}},"branchMap":{"0":{"loc":{"start":{"line":25,"column":6},"end":{"line":26,"column":49}},"type":"binary-expr","locations":[{"start":{"line":25,"column":6},"end":{"line":25,"column":41}},{"start":{"line":26,"column":7},"end":{"line":26,"column":48}}]},"1":{"loc":{"start":{"line":45,"column":4},"end":{"line":60,"column":5}},"type":"if","locations":[{"start":{"line":45,"column":4},"end":{"line":60,"column":5}}]},"2":{"loc":{"start":{"line":63,"column":6},"end":{"line":64,"column":49}},"type":"binary-expr","locations":[{"start":{"line":63,"column":6},"end":{"line":63,"column":41}},{"start":{"line":64,"column":7},"end":{"line":64,"column":48}}]},"3":{"loc":{"start":{"line":84,"column":4},"end":{"line":87,"column":5}},"type":"if","locations":[{"start":{"line":84,"column":4},"end":{"line":87,"column":5}}]},"4":{"loc":{"start":{"line":89,"column":4},"end":{"line":99,"column":5}},"type":"if","locations":[{"start":{"line":89,"column":4},"end":{"line":99,"column":5}},{"start":{"line":96,"column":11},"end":{"line":99,"column":5}}]},"5":{"loc":{"start":{"line":91,"column":6},"end":{"line":95,"column":7}},"type":"if","locations":[{"start":{"line":91,"column":6},"end":{"line":95,"column":7}}]},"6":{"loc":{"start":{"line":96,"column":11},"end":{"line":99,"column":5}},"type":"if","locations":[{"start":{"line":96,"column":11},"end":{"line":99,"column":5}}]},"7":{"loc":{"start":{"line":114,"column":4},"end":{"line":116,"column":5}},"type":"if","locations":[{"start":{"line":114,"column":4},"end":{"line":116,"column":5}}]},"8":{"loc":{"start":{"line":114,"column":8},"end":{"line":114,"column":62}},"type":"binary-expr","locations":[{"start":{"line":114,"column":8},"end":{"line":114,"column":52}},{"start":{"line":114,"column":56},"end":{"line":114,"column":62}}]},"9":{"loc":{"start":{"line":119,"column":4},"end":{"line":121,"column":5}},"type":"if","locations":[{"start":{"line":119,"column":4},"end":{"line":121,"column":5}}]},"10":{"loc":{"start":{"line":134,"column":4},"end":{"line":140,"column":5}},"type":"if","locations":[{"start":{"line":134,"column":4},"end":{"line":140,"column":5}}]},"11":{"loc":{"start":{"line":135,"column":6},"end":{"line":137,"column":50}},"type":"binary-expr","locations":[{"start":{"line":135,"column":6},"end":{"line":135,"column":32}},{"start":{"line":136,"column":6},"end":{"line":136,"column":27}},{"start":{"line":137,"column":6},"end":{"line":137,"column":50}}]}},"s":{"0":1,"1":1,"2":1,"3":1,"4":1,"5":1,"6":1,"7":0,"8":0,"9":0,"10":0,"11":0,"12":0,"13":0,"14":0,"15":0,"16":0,"17":0,"18":0,"19":0,"20":0,"21":0,"22":0,"23":0,"24":0,"25":0,"26":0,"27":0,"28":0,"29":0,"30":0,"31":0,"32":0,"33":0,"34":0,"35":0,"36":0,"37":0,"38":0,"39":0,"40":0,"41":0,"42":0,"43":0,"44":0,"45":0,"46":0,"47":0,"48":1,"49":1},"f":{"0":0,"1":0,"2":0,"3":0,"4":0,"5":0,"6":0,"7":0},"b":{"0":[0,0],"1":[0],"2":[0,0],"3":[0],"4":[0,0],"5":[0],"6":[0],"7":[0],"8":[0,0],"9":[0],"10":[0],"11":[0,0,0]}}
,"/Users/castro/Development/projects/lime/backend/src/claims/dto/create-claim.dto.ts": {"path":"/Users/castro/Development/projects/lime/backend/src/claims/dto/create-claim.dto.ts","statementMap":{"0":{"start":{"line":1,"column":0},"end":{"line":1,"column":73}},"1":{"start":{"line":2,"column":0},"end":{"line":2,"column":55}},"2":{"start":{"line":4,"column":0},"end":{"line":4,"column":13}},"3":{"start":{"line":7,"column":2},"end":{"line":7,"column":null}},"4":{"start":{"line":11,"column":2},"end":{"line":11,"column":null}},"5":{"start":{"line":14,"column":2},"end":{"line":14,"column":null}}},"fnMap":{},"branchMap":{},"s":{"0":1,"1":1,"2":1,"3":1,"4":1,"5":1},"f":{},"b":{}}
,"/Users/castro/Development/projects/lime/backend/src/claims/dto/update-claim.dto.ts": {"path":"/Users/castro/Development/projects/lime/backend/src/claims/dto/update-claim.dto.ts","statementMap":{"0":{"start":{"line":1,"column":0},"end":{"line":1,"column":51}},"1":{"start":{"line":2,"column":0},"end":{"line":2,"column":52}},"2":{"start":{"line":4,"column":0},"end":{"line":4,"column":13}}},"fnMap":{},"branchMap":{},"s":{"0":1,"1":1,"2":1},"f":{},"b":{}}
,"/Users/castro/Development/projects/lime/backend/src/claims/entities/claim.entity.ts": {"path":"/Users/castro/Development/projects/lime/backend/src/claims/entities/claim.entity.ts","statementMap":{"0":{"start":{"line":1,"column":0},"end":{"line":1,"column":null}},"1":{"start":{"line":10,"column":0},"end":{"line":10,"column":56}},"2":{"start":{"line":12,"column":0},"end":{"line":12,"column":null}},"3":{"start":{"line":13,"column":2},"end":{"line":13,"column":null}},"4":{"start":{"line":14,"column":2},"end":{"line":14,"column":null}},"5":{"start":{"line":15,"column":2},"end":{"line":15,"column":null}},"6":{"start":{"line":19,"column":7},"end":{"line":47,"column":null}},"7":{"start":{"line":19,"column":13},"end":{"line":19,"column":18}},"8":{"start":{"line":21,"column":2},"end":{"line":21,"column":null}},"9":{"start":{"line":24,"column":2},"end":{"line":24,"column":null}},"10":{"start":{"line":30,"column":2},"end":{"line":30,"column":null}},"11":{"start":{"line":33,"column":2},"end":{"line":33,"column":null}},"12":{"start":{"line":37,"column":2},"end":{"line":37,"column":null}},"13":{"start":{"line":35,"column":19},"end":{"line":35,"column":23}},"14":{"start":{"line":35,"column":33},"end":{"line":35,"column":44}},"15":{"start":{"line":40,"column":2},"end":{"line":40,"column":null}},"16":{"start":{"line":43,"column":2},"end":{"line":43,"column":null}},"17":{"start":{"line":46,"column":2},"end":{"line":46,"column":null}},"18":{"start":{"line":19,"column":13},"end":{"line":47,"column":null}}},"fnMap":{"0":{"name":"(anonymous_2)","decl":{"start":{"line":12,"column":0},"end":{"line":12,"column":12}},"loc":{"start":{"line":12,"column":23},"end":{"line":16,"column":1}}},"1":{"name":"(anonymous_3)","decl":{"start":{"line":35,"column":13},"end":{"line":35,"column":16}},"loc":{"start":{"line":35,"column":19},"end":{"line":35,"column":23}}},"2":{"name":"(anonymous_4)","decl":{"start":{"line":35,"column":25},"end":{"line":35,"column":29}},"loc":{"start":{"line":35,"column":33},"end":{"line":35,"column":44}}}},"branchMap":{"0":{"loc":{"start":{"line":12,"column":12},"end":{"line":12,"column":null}},"type":"binary-expr","locations":[{"start":{"line":12,"column":12},"end":{"line":12,"column":23}},{"start":{"line":12,"column":23},"end":{"line":12,"column":null}}]}},"s":{"0":6,"1":6,"2":6,"3":6,"4":6,"5":6,"6":6,"7":6,"8":6,"9":6,"10":6,"11":6,"12":6,"13":0,"14":0,"15":6,"16":6,"17":6,"18":6},"f":{"0":6,"1":0,"2":0},"b":{"0":[6,6]}}
,"/Users/castro/Development/projects/lime/backend/src/config/config.controller.ts": {"path":"/Users/castro/Development/projects/lime/backend/src/config/config.controller.ts","statementMap":{"0":{"start":{"line":1,"column":0},"end":{"line":1,"column":null}},"1":{"start":{"line":11,"column":0},"end":{"line":11,"column":60}},"2":{"start":{"line":12,"column":0},"end":{"line":12,"column":54}},"3":{"start":{"line":15,"column":7},"end":{"line":47,"column":null}},"4":{"start":{"line":16,"column":31},"end":{"line":16,"column":46}},"5":{"start":{"line":20,"column":4},"end":{"line":22,"column":5}},"6":{"start":{"line":21,"column":6},"end":{"line":21,"column":75}},"7":{"start":{"line":23,"column":4},"end":{"line":23,"column":56}},"8":{"start":{"line":29,"column":21},"end":{"line":29,"column":38}},"9":{"start":{"line":30,"column":4},"end":{"line":30,"column":56}},"10":{"start":{"line":36,"column":21},"end":{"line":36,"column":38}},"11":{"start":{"line":37,"column":4},"end":{"line":37,"column":69}},"12":{"start":{"line":43,"column":21},"end":{"line":43,"column":38}},"13":{"start":{"line":44,"column":4},"end":{"line":44,"column":60}},"14":{"start":{"line":45,"column":4},"end":{"line":45,"column":61}},"15":{"start":{"line":15,"column":13},"end":{"line":15,"column":29}},"16":{"start":{"line":19,"column":8},"end":{"line":24,"column":null}},"17":{"start":{"line":28,"column":8},"end":{"line":31,"column":null}},"18":{"start":{"line":35,"column":8},"end":{"line":38,"column":null}},"19":{"start":{"line":42,"column":8},"end":{"line":46,"column":null}},"20":{"start":{"line":15,"column":13},"end":{"line":47,"column":null}}},"fnMap":{"0":{"name":"(anonymous_4)","decl":{"start":{"line":16,"column":2},"end":{"line":16,"column":31}},"loc":{"start":{"line":16,"column":59},"end":{"line":16,"column":63}}},"1":{"name":"(anonymous_5)","decl":{"start":{"line":19,"column":2},"end":{"line":19,"column":7}},"loc":{"start":{"line":19,"column":63},"end":{"line":24,"column":3}}},"2":{"name":"(anonymous_6)","decl":{"start":{"line":28,"column":2},"end":{"line":28,"column":7}},"loc":{"start":{"line":28,"column":32},"end":{"line":31,"column":3}}},"3":{"name":"(anonymous_7)","decl":{"start":{"line":35,"column":2},"end":{"line":35,"column":7}},"loc":{"start":{"line":35,"column":40},"end":{"line":38,"column":3}}},"4":{"name":"(anonymous_8)","decl":{"start":{"line":42,"column":2},"end":{"line":42,"column":7}},"loc":{"start":{"line":42,"column":62},"end":{"line":46,"column":3}}}},"branchMap":{"0":{"loc":{"start":{"line":20,"column":4},"end":{"line":22,"column":5}},"type":"if","locations":[{"start":{"line":20,"column":4},"end":{"line":22,"column":5}}]}},"s":{"0":1,"1":1,"2":1,"3":1,"4":6,"5":2,"6":1,"7":1,"8":1,"9":1,"10":1,"11":1,"12":1,"13":1,"14":1,"15":1,"16":1,"17":1,"18":1,"19":1,"20":1},"f":{"0":6,"1":2,"2":1,"3":1,"4":1},"b":{"0":[1]}}
,"/Users/castro/Development/projects/lime/backend/src/config/config.module.ts": {"path":"/Users/castro/Development/projects/lime/backend/src/config/config.module.ts","statementMap":{"0":{"start":{"line":1,"column":0},"end":{"line":1,"column":40}},"1":{"start":{"line":2,"column":0},"end":{"line":2,"column":48}},"2":{"start":{"line":3,"column":0},"end":{"line":3,"column":49}},"3":{"start":{"line":4,"column":0},"end":{"line":4,"column":55}},"4":{"start":{"line":5,"column":0},"end":{"line":5,"column":50}},"5":{"start":{"line":13,"column":7},"end":{"line":13,"column":null}},"6":{"start":{"line":13,"column":13},"end":{"line":13,"column":25}},"7":{"start":{"line":13,"column":13},"end":{"line":13,"column":null}}},"fnMap":{},"branchMap":{},"s":{"0":0,"1":0,"2":0,"3":0,"4":0,"5":0,"6":0,"7":0},"f":{},"b":{}}
,"/Users/castro/Development/projects/lime/backend/src/config/config.service.ts": {"path":"/Users/castro/Development/projects/lime/backend/src/config/config.service.ts","statementMap":{"0":{"start":{"line":1,"column":0},"end":{"line":1,"column":58}},"1":{"start":{"line":2,"column":0},"end":{"line":2,"column":51}},"2":{"start":{"line":3,"column":0},"end":{"line":3,"column":37}},"3":{"start":{"line":4,"column":0},"end":{"line":4,"column":25}},"4":{"start":{"line":5,"column":0},"end":{"line":5,"column":29}},"5":{"start":{"line":6,"column":0},"end":{"line":6,"column":50}},"6":{"start":{"line":43,"column":7},"end":{"line":130,"column":null}},"7":{"start":{"line":48,"column":12},"end":{"line":48,"column":30}},"8":{"start":{"line":57,"column":25},"end":{"line":59,"column":6}},"9":{"start":{"line":61,"column":4},"end":{"line":65,"column":5}},"10":{"start":{"line":62,"column":6},"end":{"line":62,"column":50}},"11":{"start":{"line":64,"column":6},"end":{"line":64,"column":44}},"12":{"start":{"line":69,"column":4},"end":{"line":78,"column":6}},"13":{"start":{"line":82,"column":23},"end":{"line":82,"column":66}},"14":{"start":{"line":83,"column":4},"end":{"line":91,"column":5}},"15":{"start":{"line":84,"column":25},"end":{"line":84,"column":60}},"16":{"start":{"line":85,"column":6},"end":{"line":85,"column":43}},"17":{"start":{"line":87,"column":6},"end":{"line":87,"column":48}},"18":{"start":{"line":89,"column":6},"end":{"line":89,"column":63}},"19":{"start":{"line":90,"column":6},"end":{"line":90,"column":44}},"20":{"start":{"line":95,"column":23},"end":{"line":97,"column":6}},"21":{"start":{"line":99,"column":4},"end":{"line":107,"column":5}},"22":{"start":{"line":100,"column":6},"end":{"line":104,"column":9}},"23":{"start":{"line":106,"column":6},"end":{"line":106,"column":54}},"24":{"start":{"line":109,"column":4},"end":{"line":109,"column":51}},"25":{"start":{"line":113,"column":4},"end":{"line":113,"column":39}},"26":{"start":{"line":117,"column":4},"end":{"line":117,"column":48}},"27":{"start":{"line":118,"column":4},"end":{"line":118,"column":39}},"28":{"start":{"line":122,"column":4},"end":{"line":122,"column":48}},"29":{"start":{"line":123,"column":4},"end":{"line":123,"column":23}},"30":{"start":{"line":127,"column":4},"end":{"line":127,"column":28}},"31":{"start":{"line":128,"column":4},"end":{"line":128,"column":46}},"32":{"start":{"line":43,"column":13},"end":{"line":43,"column":26}},"33":{"start":{"line":43,"column":13},"end":{"line":130,"column":null}}},"fnMap":{"0":{"name":"(anonymous_4)","decl":{"start":{"line":46,"column":2},"end":{"line":46,"column":null}},"loc":{"start":{"line":48,"column":48},"end":{"line":49,"column":6}}},"1":{"name":"(anonymous_5)","decl":{"start":{"line":51,"column":2},"end":{"line":51,"column":7}},"loc":{"start":{"line":51,"column":20},"end":{"line":54,"column":3}}},"2":{"name":"(anonymous_6)","decl":{"start":{"line":56,"column":10},"end":{"line":56,"column":15}},"loc":{"start":{"line":56,"column":55},"end":{"line":66,"column":3}}},"3":{"name":"(anonymous_7)","decl":{"start":{"line":68,"column":10},"end":{"line":68,"column":26}},"loc":{"start":{"line":68,"column":26},"end":{"line":79,"column":3}}},"4":{"name":"(anonymous_8)","decl":{"start":{"line":81,"column":2},"end":{"line":81,"column":7}},"loc":{"start":{"line":81,"column":43},"end":{"line":92,"column":3}}},"5":{"name":"(anonymous_9)","decl":{"start":{"line":94,"column":10},"end":{"line":94,"column":15}},"loc":{"start":{"line":94,"column":53},"end":{"line":110,"column":3}}},"6":{"name":"(anonymous_10)","decl":{"start":{"line":112,"column":2},"end":{"line":112,"column":19}},"loc":{"start":{"line":112,"column":36},"end":{"line":114,"column":3}}},"7":{"name":"(anonymous_11)","decl":{"start":{"line":116,"column":2},"end":{"line":116,"column":7}},"loc":{"start":{"line":116,"column":47},"end":{"line":119,"column":3}}},"8":{"name":"(anonymous_12)","decl":{"start":{"line":121,"column":2},"end":{"line":121,"column":7}},"loc":{"start":{"line":121,"column":34},"end":{"line":124,"column":3}}},"9":{"name":"(anonymous_13)","decl":{"start":{"line":126,"column":2},"end":{"line":126,"column":7}},"loc":{"start":{"line":126,"column":59},"end":{"line":129,"column":3}}}},"branchMap":{"0":{"loc":{"start":{"line":61,"column":4},"end":{"line":65,"column":5}},"type":"if","locations":[{"start":{"line":61,"column":4},"end":{"line":65,"column":5}},{"start":{"line":63,"column":11},"end":{"line":65,"column":5}}]},"1":{"loc":{"start":{"line":99,"column":4},"end":{"line":107,"column":5}},"type":"if","locations":[{"start":{"line":99,"column":4},"end":{"line":107,"column":5}},{"start":{"line":105,"column":11},"end":{"line":107,"column":5}}]}},"s":{"0":1,"1":1,"2":1,"3":1,"4":1,"5":1,"6":1,"7":0,"8":0,"9":0,"10":0,"11":0,"12":0,"13":0,"14":0,"15":0,"16":0,"17":0,"18":0,"19":0,"20":0,"21":0,"22":0,"23":0,"24":0,"25":0,"26":0,"27":0,"28":0,"29":0,"30":0,"31":0,"32":1,"33":1},"f":{"0":0,"1":0,"2":0,"3":0,"4":0,"5":0,"6":0,"7":0,"8":0,"9":0},"b":{"0":[0,0],"1":[0,0]}}
,"/Users/castro/Development/projects/lime/backend/src/config/entities/config.entity.ts": {"path":"/Users/castro/Development/projects/lime/backend/src/config/entities/config.entity.ts","statementMap":{"0":{"start":{"line":1,"column":0},"end":{"line":1,"column":79}},"1":{"start":{"line":2,"column":0},"end":{"line":2,"column":62}},"2":{"start":{"line":5,"column":7},"end":{"line":18,"column":null}},"3":{"start":{"line":5,"column":13},"end":{"line":5,"column":19}},"4":{"start":{"line":7,"column":2},"end":{"line":7,"column":null}},"5":{"start":{"line":10,"column":2},"end":{"line":10,"column":null}},"6":{"start":{"line":14,"column":2},"end":{"line":14,"column":null}},"7":{"start":{"line":12,"column":19},"end":{"line":12,"column":25}},"8":{"start":{"line":17,"column":2},"end":{"line":17,"column":null}},"9":{"start":{"line":5,"column":13},"end":{"line":18,"column":null}}},"fnMap":{"0":{"name":"(anonymous_2)","decl":{"start":{"line":12,"column":13},"end":{"line":12,"column":16}},"loc":{"start":{"line":12,"column":19},"end":{"line":12,"column":25}}}},"branchMap":{},"s":{"0":1,"1":1,"2":1,"3":1,"4":1,"5":1,"6":1,"7":0,"8":1,"9":1},"f":{"0":0},"b":{}}
,"/Users/castro/Development/projects/lime/backend/src/grpc/grpc.controller.ts": {"path":"/Users/castro/Development/projects/lime/backend/src/grpc/grpc.controller.ts","statementMap":{"0":{"start":{"line":1,"column":0},"end":{"line":1,"column":58}},"1":{"start":{"line":2,"column":0},"end":{"line":2,"column":45}},"2":{"start":{"line":3,"column":0},"end":{"line":3,"column":38}},"3":{"start":{"line":4,"column":0},"end":{"line":4,"column":50}},"4":{"start":{"line":5,"column":0},"end":{"line":5,"column":28}},"5":{"start":{"line":8,"column":7},"end":{"line":206,"column":null}},"6":{"start":{"line":11,"column":22},"end":{"line":11,"column":35}},"7":{"start":{"line":14,"column":4},"end":{"line":14,"column":36}},"8":{"start":{"line":15,"column":4},"end":{"line":15,"column":29}},"9":{"start":{"line":16,"column":4},"end":{"line":26,"column":6}},"10":{"start":{"line":20,"column":8},"end":{"line":24,"column":9}},"11":{"start":{"line":21,"column":10},"end":{"line":21,"column":63}},"12":{"start":{"line":23,"column":10},"end":{"line":23,"column":61}},"13":{"start":{"line":31,"column":4},"end":{"line":31,"column":29}},"14":{"start":{"line":34,"column":4},"end":{"line":34,"column":28}},"15":{"start":{"line":37,"column":4},"end":{"line":37,"column":27}},"16":{"start":{"line":40,"column":4},"end":{"line":40,"column":29}},"17":{"start":{"line":43,"column":4},"end":{"line":43,"column":30}},"18":{"start":{"line":46,"column":4},"end":{"line":46,"column":28}},"19":{"start":{"line":50,"column":36},"end":{"line":58,"column":null}},"20":{"start":{"line":61,"column":24},"end":{"line":62,"column":null}},"21":{"start":{"line":64,"column":26},"end":{"line":64,"column":66}},"22":{"start":{"line":66,"column":4},"end":{"line":75,"column":7}},"23":{"start":{"line":79,"column":35},"end":{"line":87,"column":null}},"24":{"start":{"line":90,"column":23},"end":{"line":91,"column":null}},"25":{"start":{"line":93,"column":25},"end":{"line":93,"column":62}},"26":{"start":{"line":95,"column":4},"end":{"line":101,"column":7}},"27":{"start":{"line":105,"column":34},"end":{"line":113,"column":null}},"28":{"start":{"line":116,"column":22},"end":{"line":116,"column":78}},"29":{"start":{"line":117,"column":24},"end":{"line":117,"column":58}},"30":{"start":{"line":119,"column":4},"end":{"line":123,"column":7}},"31":{"start":{"line":127,"column":36},"end":{"line":135,"column":null}},"32":{"start":{"line":138,"column":24},"end":{"line":139,"column":null}},"33":{"start":{"line":141,"column":26},"end":{"line":141,"column":66}},"34":{"start":{"line":143,"column":4},"end":{"line":152,"column":7}},"35":{"start":{"line":156,"column":37},"end":{"line":164,"column":null}},"36":{"start":{"line":167,"column":25},"end":{"line":168,"column":null}},"37":{"start":{"line":170,"column":27},"end":{"line":170,"column":70}},"38":{"start":{"line":172,"column":4},"end":{"line":181,"column":7}},"39":{"start":{"line":185,"column":35},"end":{"line":193,"column":null}},"40":{"start":{"line":196,"column":23},"end":{"line":197,"column":null}},"41":{"start":{"line":199,"column":25},"end":{"line":199,"column":62}},"42":{"start":{"line":201,"column":4},"end":{"line":204,"column":7}},"43":{"start":{"line":8,"column":13},"end":{"line":8,"column":27}},"44":{"start":{"line":8,"column":13},"end":{"line":206,"column":null}}},"fnMap":{"0":{"name":"(anonymous_2)","decl":{"start":{"line":11,"column":2},"end":{"line":11,"column":22}},"loc":{"start":{"line":11,"column":46},"end":{"line":11,"column":50}}},"1":{"name":"(anonymous_3)","decl":{"start":{"line":13,"column":2},"end":{"line":13,"column":14}},"loc":{"start":{"line":13,"column":14},"end":{"line":27,"column":3}}},"2":{"name":"(anonymous_4)","decl":{"start":{"line":19,"column":6},"end":{"line":19,"column":7}},"loc":{"start":{"line":19,"column":22},"end":{"line":25,"column":7}}},"3":{"name":"(anonymous_5)","decl":{"start":{"line":29,"column":10},"end":{"line":29,"column":27}},"loc":{"start":{"line":29,"column":27},"end":{"line":47,"column":3}}},"4":{"name":"(anonymous_6)","decl":{"start":{"line":49,"column":10},"end":{"line":49,"column":27}},"loc":{"start":{"line":49,"column":27},"end":{"line":76,"column":3}}},"5":{"name":"(anonymous_7)","decl":{"start":{"line":78,"column":10},"end":{"line":78,"column":26}},"loc":{"start":{"line":78,"column":26},"end":{"line":102,"column":3}}},"6":{"name":"(anonymous_8)","decl":{"start":{"line":104,"column":10},"end":{"line":104,"column":25}},"loc":{"start":{"line":104,"column":25},"end":{"line":124,"column":3}}},"7":{"name":"(anonymous_9)","decl":{"start":{"line":126,"column":10},"end":{"line":126,"column":27}},"loc":{"start":{"line":126,"column":27},"end":{"line":153,"column":3}}},"8":{"name":"(anonymous_10)","decl":{"start":{"line":155,"column":10},"end":{"line":155,"column":28}},"loc":{"start":{"line":155,"column":28},"end":{"line":182,"column":3}}},"9":{"name":"(anonymous_11)","decl":{"start":{"line":184,"column":10},"end":{"line":184,"column":26}},"loc":{"start":{"line":184,"column":26},"end":{"line":205,"column":3}}}},"branchMap":{"0":{"loc":{"start":{"line":20,"column":8},"end":{"line":24,"column":9}},"type":"if","locations":[{"start":{"line":20,"column":8},"end":{"line":24,"column":9}},{"start":{"line":22,"column":15},"end":{"line":24,"column":9}}]}},"s":{"0":0,"1":0,"2":0,"3":0,"4":0,"5":0,"6":0,"7":0,"8":0,"9":0,"10":0,"11":0,"12":0,"13":0,"14":0,"15":0,"16":0,"17":0,"18":0,"19":0,"20":0,"21":0,"22":0,"23":0,"24":0,"25":0,"26":0,"27":0,"28":0,"29":0,"30":0,"31":0,"32":0,"33":0,"34":0,"35":0,"36":0,"37":0,"38":0,"39":0,"40":0,"41":0,"42":0,"43":0,"44":0},"f":{"0":0,"1":0,"2":0,"3":0,"4":0,"5":0,"6":0,"7":0,"8":0,"9":0},"b":{"0":[0,0]}}
,"/Users/castro/Development/projects/lime/backend/src/grpc/grpc.module.ts": {"path":"/Users/castro/Development/projects/lime/backend/src/grpc/grpc.module.ts","statementMap":{"0":{"start":{"line":1,"column":0},"end":{"line":1,"column":40}},"1":{"start":{"line":2,"column":0},"end":{"line":2,"column":48}},"2":{"start":{"line":3,"column":0},"end":{"line":3,"column":51}},"3":{"start":{"line":4,"column":0},"end":{"line":4,"column":45}},"4":{"start":{"line":5,"column":0},"end":{"line":5,"column":55}},"5":{"start":{"line":6,"column":0},"end":{"line":6,"column":52}},"6":{"start":{"line":7,"column":0},"end":{"line":7,"column":49}},"7":{"start":{"line":8,"column":0},"end":{"line":8,"column":55}},"8":{"start":{"line":9,"column":0},"end":{"line":9,"column":58}},"9":{"start":{"line":10,"column":0},"end":{"line":10,"column":53}},"10":{"start":{"line":24,"column":7},"end":{"line":24,"column":null}},"11":{"start":{"line":24,"column":13},"end":{"line":24,"column":23}},"12":{"start":{"line":24,"column":13},"end":{"line":24,"column":null}}},"fnMap":{},"branchMap":{},"s":{"0":0,"1":0,"2":0,"3":0,"4":0,"5":0,"6":0,"7":0,"8":0,"9":0,"10":0,"11":0,"12":0},"f":{},"b":{}}
,"/Users/castro/Development/projects/lime/backend/src/grpc/grpc.service.ts": {"path":"/Users/castro/Development/projects/lime/backend/src/grpc/grpc.service.ts","statementMap":{"0":{"start":{"line":1,"column":0},"end":{"line":1,"column":44}},"1":{"start":{"line":2,"column":0},"end":{"line":2,"column":51}},"2":{"start":{"line":3,"column":0},"end":{"line":3,"column":37}},"3":{"start":{"line":5,"column":0},"end":{"line":5,"column":57}},"4":{"start":{"line":6,"column":0},"end":{"line":6,"column":54}},"5":{"start":{"line":7,"column":0},"end":{"line":7,"column":51}},"6":{"start":{"line":8,"column":0},"end":{"line":8,"column":57}},"7":{"start":{"line":9,"column":0},"end":{"line":9,"column":60}},"8":{"start":{"line":10,"column":0},"end":{"line":10,"column":66}},"9":{"start":{"line":12,"column":0},"end":{"line":12,"column":53}},"10":{"start":{"line":15,"column":7},"end":{"line":691,"column":null}},"11":{"start":{"line":17,"column":12},"end":{"line":17,"column":27}},"12":{"start":{"line":18,"column":12},"end":{"line":18,"column":26}},"13":{"start":{"line":19,"column":12},"end":{"line":19,"column":25}},"14":{"start":{"line":20,"column":12},"end":{"line":20,"column":27}},"15":{"start":{"line":21,"column":12},"end":{"line":21,"column":28}},"16":{"start":{"line":22,"column":12},"end":{"line":22,"column":32}},"17":{"start":{"line":24,"column":12},"end":{"line":24,"column":28}},"18":{"start":{"line":32,"column":4},"end":{"line":54,"column":5}},"19":{"start":{"line":33,"column":63},"end":{"line":33,"column":75}},"20":{"start":{"line":34,"column":20},"end":{"line":40,"column":null}},"21":{"start":{"line":43,"column":6},"end":{"line":51,"column":9}},"22":{"start":{"line":53,"column":6},"end":{"line":53,"column":28}},"23":{"start":{"line":61,"column":4},"end":{"line":76,"column":5}},"24":{"start":{"line":62,"column":36},"end":{"line":62,"column":48}},"25":{"start":{"line":63,"column":20},"end":{"line":63,"column":71}},"26":{"start":{"line":65,"column":6},"end":{"line":73,"column":9}},"27":{"start":{"line":75,"column":6},"end":{"line":75,"column":28}},"28":{"start":{"line":83,"column":4},"end":{"line":108,"column":5}},"29":{"start":{"line":85,"column":8},"end":{"line":85,"column":20}},"30":{"start":{"line":86,"column":20},"end":{"line":94,"column":null}},"31":{"start":{"line":97,"column":6},"end":{"line":105,"column":9}},"32":{"start":{"line":107,"column":6},"end":{"line":107,"column":28}},"33":{"start":{"line":115,"column":4},"end":{"line":121,"column":5}},"34":{"start":{"line":116,"column":36},"end":{"line":116,"column":48}},"35":{"start":{"line":117,"column":6},"end":{"line":117,"column":57}},"36":{"start":{"line":118,"column":6},"end":{"line":118,"column":40}},"37":{"start":{"line":120,"column":6},"end":{"line":120,"column":28}},"38":{"start":{"line":128,"column":4},"end":{"line":149,"column":5}},"39":{"start":{"line":129,"column":43},"end":{"line":129,"column":55}},"40":{"start":{"line":130,"column":21},"end":{"line":134,"column":8}},"41":{"start":{"line":136,"column":25},"end":{"line":144,"column":9}},"42":{"start":{"line":136,"column":55},"end":{"line":144,"column":8}},"43":{"start":{"line":146,"column":6},"end":{"line":146,"column":45}},"44":{"start":{"line":148,"column":6},"end":{"line":148,"column":28}},"45":{"start":{"line":156,"column":4},"end":{"line":199,"column":5}},"46":{"start":{"line":163,"column":10},"end":{"line":163,"column":22}},"47":{"start":{"line":165,"column":6},"end":{"line":170,"column":7}},"48":{"start":{"line":166,"column":8},"end":{"line":169,"column":10}},"49":{"start":{"line":171,"column":6},"end":{"line":176,"column":7}},"50":{"start":{"line":172,"column":8},"end":{"line":175,"column":10}},"51":{"start":{"line":178,"column":20},"end":{"line":185,"column":null}},"52":{"start":{"line":188,"column":6},"end":{"line":196,"column":9}},"53":{"start":{"line":198,"column":6},"end":{"line":198,"column":28}},"54":{"start":{"line":207,"column":4},"end":{"line":231,"column":5}},"55":{"start":{"line":209,"column":8},"end":{"line":209,"column":20}},"56":{"start":{"line":210,"column":19},"end":{"line":217,"column":8}},"57":{"start":{"line":219,"column":6},"end":{"line":228,"column":9}},"58":{"start":{"line":230,"column":6},"end":{"line":230,"column":28}},"59":{"start":{"line":235,"column":4},"end":{"line":251,"column":5}},"60":{"start":{"line":236,"column":21},"end":{"line":236,"column":33}},"61":{"start":{"line":237,"column":19},"end":{"line":237,"column":54}},"62":{"start":{"line":239,"column":6},"end":{"line":248,"column":9}},"63":{"start":{"line":250,"column":6},"end":{"line":250,"column":28}},"64":{"start":{"line":258,"column":4},"end":{"line":282,"column":5}},"65":{"start":{"line":260,"column":8},"end":{"line":260,"column":20}},"66":{"start":{"line":261,"column":19},"end":{"line":268,"column":8}},"67":{"start":{"line":270,"column":6},"end":{"line":279,"column":9}},"68":{"start":{"line":281,"column":6},"end":{"line":281,"column":28}},"69":{"start":{"line":289,"column":4},"end":{"line":295,"column":5}},"70":{"start":{"line":290,"column":21},"end":{"line":290,"column":33}},"71":{"start":{"line":291,"column":6},"end":{"line":291,"column":41}},"72":{"start":{"line":292,"column":6},"end":{"line":292,"column":40}},"73":{"start":{"line":294,"column":6},"end":{"line":294,"column":28}},"74":{"start":{"line":302,"column":4},"end":{"line":319,"column":5}},"75":{"start":{"line":303,"column":20},"end":{"line":303,"column":53}},"76":{"start":{"line":305,"column":24},"end":{"line":314,"column":9}},"77":{"start":{"line":305,"column":51},"end":{"line":314,"column":8}},"78":{"start":{"line":316,"column":6},"end":{"line":316,"column":43}},"79":{"start":{"line":318,"column":6},"end":{"line":318,"column":28}},"80":{"start":{"line":324,"column":4},"end":{"line":341,"column":5}},"81":{"start":{"line":325,"column":34},"end":{"line":325,"column":46}},"82":{"start":{"line":326,"column":21},"end":{"line":326,"column":70}},"83":{"start":{"line":328,"column":6},"end":{"line":338,"column":9}},"84":{"start":{"line":340,"column":6},"end":{"line":340,"column":28}},"85":{"start":{"line":348,"column":4},"end":{"line":375,"column":5}},"86":{"start":{"line":349,"column":64},"end":{"line":349,"column":76}},"87":{"start":{"line":351,"column":6},"end":{"line":353,"column":7}},"88":{"start":{"line":352,"column":8},"end":{"line":352,"column":66}},"89":{"start":{"line":355,"column":19},"end":{"line":360,"column":null}},"90":{"start":{"line":363,"column":6},"end":{"line":372,"column":9}},"91":{"start":{"line":374,"column":6},"end":{"line":374,"column":28}},"92":{"start":{"line":382,"column":4},"end":{"line":393,"column":5}},"93":{"start":{"line":385,"column":6},"end":{"line":390,"column":9}},"94":{"start":{"line":392,"column":6},"end":{"line":392,"column":28}},"95":{"start":{"line":401,"column":4},"end":{"line":411,"column":5}},"96":{"start":{"line":402,"column":28},"end":{"line":402,"column":40}},"97":{"start":{"line":403,"column":21},"end":{"line":403,"column":66}},"98":{"start":{"line":405,"column":6},"end":{"line":408,"column":9}},"99":{"start":{"line":410,"column":6},"end":{"line":410,"column":28}},"100":{"start":{"line":418,"column":4},"end":{"line":428,"column":5}},"101":{"start":{"line":419,"column":26},"end":{"line":419,"column":38}},"102":{"start":{"line":420,"column":21},"end":{"line":420,"column":64}},"103":{"start":{"line":422,"column":6},"end":{"line":425,"column":9}},"104":{"start":{"line":427,"column":6},"end":{"line":427,"column":28}},"105":{"start":{"line":435,"column":4},"end":{"line":457,"column":5}},"106":{"start":{"line":436,"column":28},"end":{"line":436,"column":40}},"107":{"start":{"line":437,"column":20},"end":{"line":437,"column":78}},"108":{"start":{"line":439,"column":24},"end":{"line":452,"column":9}},"109":{"start":{"line":439,"column":43},"end":{"line":452,"column":8}},"110":{"start":{"line":444,"column":42},"end":{"line":451,"column":10}},"111":{"start":{"line":454,"column":6},"end":{"line":454,"column":43}},"112":{"start":{"line":456,"column":6},"end":{"line":456,"column":28}},"113":{"start":{"line":464,"column":4},"end":{"line":472,"column":5}},"114":{"start":{"line":465,"column":41},"end":{"line":465,"column":53}},"115":{"start":{"line":466,"column":21},"end":{"line":466,"column":44}},"116":{"start":{"line":467,"column":6},"end":{"line":467,"column":63}},"117":{"start":{"line":469,"column":6},"end":{"line":469,"column":72}},"118":{"start":{"line":471,"column":6},"end":{"line":471,"column":28}},"119":{"start":{"line":480,"column":4},"end":{"line":491,"column":5}},"120":{"start":{"line":481,"column":29},"end":{"line":481,"column":41}},"121":{"start":{"line":482,"column":21},"end":{"line":482,"column":69}},"122":{"start":{"line":484,"column":6},"end":{"line":488,"column":9}},"123":{"start":{"line":490,"column":6},"end":{"line":490,"column":28}},"124":{"start":{"line":498,"column":4},"end":{"line":509,"column":5}},"125":{"start":{"line":499,"column":21},"end":{"line":499,"column":33}},"126":{"start":{"line":500,"column":21},"end":{"line":500,"column":58}},"127":{"start":{"line":502,"column":6},"end":{"line":506,"column":9}},"128":{"start":{"line":508,"column":6},"end":{"line":508,"column":28}},"129":{"start":{"line":516,"column":4},"end":{"line":527,"column":5}},"130":{"start":{"line":517,"column":33},"end":{"line":517,"column":45}},"131":{"start":{"line":518,"column":21},"end":{"line":518,"column":73}},"132":{"start":{"line":520,"column":6},"end":{"line":524,"column":9}},"133":{"start":{"line":526,"column":6},"end":{"line":526,"column":28}},"134":{"start":{"line":534,"column":4},"end":{"line":540,"column":5}},"135":{"start":{"line":535,"column":21},"end":{"line":535,"column":33}},"136":{"start":{"line":536,"column":6},"end":{"line":536,"column":43}},"137":{"start":{"line":537,"column":6},"end":{"line":537,"column":40}},"138":{"start":{"line":539,"column":6},"end":{"line":539,"column":28}},"139":{"start":{"line":547,"column":4},"end":{"line":559,"column":5}},"140":{"start":{"line":548,"column":22},"end":{"line":548,"column":62}},"141":{"start":{"line":550,"column":26},"end":{"line":554,"column":9}},"142":{"start":{"line":550,"column":49},"end":{"line":554,"column":8}},"143":{"start":{"line":556,"column":6},"end":{"line":556,"column":47}},"144":{"start":{"line":558,"column":6},"end":{"line":558,"column":28}},"145":{"start":{"line":566,"column":4},"end":{"line":580,"column":5}},"146":{"start":{"line":567,"column":26},"end":{"line":567,"column":38}},"147":{"start":{"line":568,"column":6},"end":{"line":570,"column":7}},"148":{"start":{"line":569,"column":8},"end":{"line":569,"column":73}},"149":{"start":{"line":571,"column":21},"end":{"line":571,"column":63}},"150":{"start":{"line":573,"column":6},"end":{"line":577,"column":9}},"151":{"start":{"line":579,"column":6},"end":{"line":579,"column":28}},"152":{"start":{"line":588,"column":4},"end":{"line":665,"column":5}},"153":{"start":{"line":589,"column":64},"end":{"line":589,"column":76}},"154":{"start":{"line":591,"column":6},"end":{"line":596,"column":7}},"155":{"start":{"line":592,"column":8},"end":{"line":595,"column":10}},"156":{"start":{"line":598,"column":6},"end":{"line":662,"column":7}},"157":{"start":{"line":600,"column":19},"end":{"line":600,"column":74}},"158":{"start":{"line":602,"column":8},"end":{"line":656,"column":9}},"159":{"start":{"line":604,"column":10},"end":{"line":606,"column":11}},"160":{"start":{"line":605,"column":12},"end":{"line":605,"column":73}},"161":{"start":{"line":609,"column":10},"end":{"line":609,"column":37}},"162":{"start":{"line":610,"column":10},"end":{"line":612,"column":11}},"163":{"start":{"line":611,"column":12},"end":{"line":611,"column":38}},"164":{"start":{"line":613,"column":30},"end":{"line":613,"column":66}},"165":{"start":{"line":614,"column":45},"end":{"line":614,"column":56}},"166":{"start":{"line":615,"column":10},"end":{"line":627,"column":13}},"167":{"start":{"line":630,"column":26},"end":{"line":635,"column":null}},"168":{"start":{"line":637,"column":10},"end":{"line":637,"column":40}},"169":{"start":{"line":638,"column":10},"end":{"line":640,"column":11}},"170":{"start":{"line":639,"column":12},"end":{"line":639,"column":41}},"171":{"start":{"line":641,"column":30},"end":{"line":641,"column":69}},"172":{"start":{"line":642,"column":45},"end":{"line":642,"column":56}},"173":{"start":{"line":643,"column":10},"end":{"line":655,"column":13}},"174":{"start":{"line":658,"column":8},"end":{"line":661,"column":10}},"175":{"start":{"line":664,"column":6},"end":{"line":664,"column":28}},"176":{"start":{"line":672,"column":4},"end":{"line":689,"column":5}},"177":{"start":{"line":673,"column":24},"end":{"line":673,"column":36}},"178":{"start":{"line":674,"column":19},"end":{"line":674,"column":73}},"179":{"start":{"line":675,"column":41},"end":{"line":675,"column":45}},"180":{"start":{"line":677,"column":6},"end":{"line":686,"column":9}},"181":{"start":{"line":688,"column":6},"end":{"line":688,"column":28}},"182":{"start":{"line":15,"column":13},"end":{"line":15,"column":24}},"183":{"start":{"line":15,"column":13},"end":{"line":691,"column":null}}},"fnMap":{"0":{"name":"(anonymous_4)","decl":{"start":{"line":16,"column":2},"end":{"line":16,"column":null}},"loc":{"start":{"line":24,"column":44},"end":{"line":25,"column":6}}},"1":{"name":"(anonymous_5)","decl":{"start":{"line":28,"column":2},"end":{"line":28,"column":7}},"loc":{"start":{"line":30,"column":32},"end":{"line":55,"column":3}}},"2":{"name":"(anonymous_6)","decl":{"start":{"line":57,"column":2},"end":{"line":57,"column":7}},"loc":{"start":{"line":59,"column":32},"end":{"line":77,"column":3}}},"3":{"name":"(anonymous_7)","decl":{"start":{"line":79,"column":2},"end":{"line":79,"column":7}},"loc":{"start":{"line":81,"column":32},"end":{"line":109,"column":3}}},"4":{"name":"(anonymous_8)","decl":{"start":{"line":111,"column":2},"end":{"line":111,"column":7}},"loc":{"start":{"line":113,"column":32},"end":{"line":122,"column":3}}},"5":{"name":"(anonymous_9)","decl":{"start":{"line":124,"column":2},"end":{"line":124,"column":7}},"loc":{"start":{"line":126,"column":32},"end":{"line":150,"column":3}}},"6":{"name":"(anonymous_10)","decl":{"start":{"line":136,"column":36},"end":{"line":136,"column":37}},"loc":{"start":{"line":136,"column":55},"end":{"line":144,"column":8}}},"7":{"name":"(anonymous_11)","decl":{"start":{"line":152,"column":2},"end":{"line":152,"column":7}},"loc":{"start":{"line":154,"column":32},"end":{"line":200,"column":3}}},"8":{"name":"(anonymous_12)","decl":{"start":{"line":203,"column":2},"end":{"line":203,"column":7}},"loc":{"start":{"line":205,"column":32},"end":{"line":232,"column":3}}},"9":{"name":"(anonymous_13)","decl":{"start":{"line":234,"column":2},"end":{"line":234,"column":7}},"loc":{"start":{"line":234,"column":77},"end":{"line":252,"column":3}}},"10":{"name":"(anonymous_14)","decl":{"start":{"line":254,"column":2},"end":{"line":254,"column":7}},"loc":{"start":{"line":256,"column":32},"end":{"line":283,"column":3}}},"11":{"name":"(anonymous_15)","decl":{"start":{"line":285,"column":2},"end":{"line":285,"column":7}},"loc":{"start":{"line":287,"column":32},"end":{"line":296,"column":3}}},"12":{"name":"(anonymous_16)","decl":{"start":{"line":298,"column":2},"end":{"line":298,"column":7}},"loc":{"start":{"line":300,"column":32},"end":{"line":320,"column":3}}},"13":{"name":"(anonymous_17)","decl":{"start":{"line":305,"column":34},"end":{"line":305,"column":35}},"loc":{"start":{"line":305,"column":51},"end":{"line":314,"column":8}}},"14":{"name":"(anonymous_18)","decl":{"start":{"line":323,"column":2},"end":{"line":323,"column":7}},"loc":{"start":{"line":323,"column":75},"end":{"line":342,"column":3}}},"15":{"name":"(anonymous_19)","decl":{"start":{"line":344,"column":2},"end":{"line":344,"column":7}},"loc":{"start":{"line":346,"column":32},"end":{"line":376,"column":3}}},"16":{"name":"(anonymous_20)","decl":{"start":{"line":378,"column":2},"end":{"line":378,"column":7}},"loc":{"start":{"line":380,"column":32},"end":{"line":394,"column":3}}},"17":{"name":"(anonymous_21)","decl":{"start":{"line":397,"column":2},"end":{"line":397,"column":7}},"loc":{"start":{"line":399,"column":32},"end":{"line":412,"column":3}}},"18":{"name":"(anonymous_22)","decl":{"start":{"line":414,"column":2},"end":{"line":414,"column":7}},"loc":{"start":{"line":416,"column":32},"end":{"line":429,"column":3}}},"19":{"name":"(anonymous_23)","decl":{"start":{"line":431,"column":2},"end":{"line":431,"column":7}},"loc":{"start":{"line":433,"column":32},"end":{"line":458,"column":3}}},"20":{"name":"(anonymous_24)","decl":{"start":{"line":439,"column":34},"end":{"line":439,"column":38}},"loc":{"start":{"line":439,"column":43},"end":{"line":452,"column":8}}},"21":{"name":"(anonymous_25)","decl":{"start":{"line":444,"column":32},"end":{"line":444,"column":37}},"loc":{"start":{"line":444,"column":42},"end":{"line":451,"column":10}}},"22":{"name":"(anonymous_26)","decl":{"start":{"line":460,"column":2},"end":{"line":460,"column":7}},"loc":{"start":{"line":462,"column":32},"end":{"line":473,"column":3}}},"23":{"name":"(anonymous_27)","decl":{"start":{"line":476,"column":2},"end":{"line":476,"column":7}},"loc":{"start":{"line":478,"column":32},"end":{"line":492,"column":3}}},"24":{"name":"(anonymous_28)","decl":{"start":{"line":494,"column":2},"end":{"line":494,"column":7}},"loc":{"start":{"line":496,"column":32},"end":{"line":510,"column":3}}},"25":{"name":"(anonymous_29)","decl":{"start":{"line":512,"column":2},"end":{"line":512,"column":7}},"loc":{"start":{"line":514,"column":32},"end":{"line":528,"column":3}}},"26":{"name":"(anonymous_30)","decl":{"start":{"line":530,"column":2},"end":{"line":530,"column":7}},"loc":{"start":{"line":532,"column":32},"end":{"line":541,"column":3}}},"27":{"name":"(anonymous_31)","decl":{"start":{"line":543,"column":2},"end":{"line":543,"column":7}},"loc":{"start":{"line":545,"column":32},"end":{"line":560,"column":3}}},"28":{"name":"(anonymous_32)","decl":{"start":{"line":550,"column":38},"end":{"line":550,"column":44}},"loc":{"start":{"line":550,"column":49},"end":{"line":554,"column":8}}},"29":{"name":"(anonymous_33)","decl":{"start":{"line":562,"column":2},"end":{"line":562,"column":7}},"loc":{"start":{"line":564,"column":32},"end":{"line":581,"column":3}}},"30":{"name":"(anonymous_34)","decl":{"start":{"line":584,"column":2},"end":{"line":584,"column":7}},"loc":{"start":{"line":586,"column":32},"end":{"line":666,"column":3}}},"31":{"name":"(anonymous_35)","decl":{"start":{"line":668,"column":2},"end":{"line":668,"column":7}},"loc":{"start":{"line":670,"column":32},"end":{"line":690,"column":3}}}},"branchMap":{"0":{"loc":{"start":{"line":91,"column":16},"end":{"line":91,"column":51}},"type":"cond-expr","locations":[{"start":{"line":91,"column":23},"end":{"line":91,"column":39}},{"start":{"line":91,"column":42},"end":{"line":91,"column":51}}]},"1":{"loc":{"start":{"line":132,"column":14},"end":{"line":132,"column":28}},"type":"binary-expr","locations":[{"start":{"line":132,"column":14},"end":{"line":132,"column":18}},{"start":{"line":132,"column":22},"end":{"line":132,"column":28}}]},"2":{"loc":{"start":{"line":165,"column":6},"end":{"line":170,"column":7}},"type":"if","locations":[{"start":{"line":165,"column":6},"end":{"line":170,"column":7}}]},"3":{"loc":{"start":{"line":171,"column":6},"end":{"line":176,"column":7}},"type":"if","locations":[{"start":{"line":171,"column":6},"end":{"line":176,"column":7}}]},"4":{"loc":{"start":{"line":225,"column":21},"end":{"line":225,"column":42}},"type":"binary-expr","locations":[{"start":{"line":225,"column":21},"end":{"line":225,"column":36}},{"start":{"line":225,"column":40},"end":{"line":225,"column":42}}]},"5":{"loc":{"start":{"line":245,"column":21},"end":{"line":245,"column":42}},"type":"binary-expr","locations":[{"start":{"line":245,"column":21},"end":{"line":245,"column":36}},{"start":{"line":245,"column":40},"end":{"line":245,"column":42}}]},"6":{"loc":{"start":{"line":276,"column":21},"end":{"line":276,"column":42}},"type":"binary-expr","locations":[{"start":{"line":276,"column":21},"end":{"line":276,"column":36}},{"start":{"line":276,"column":40},"end":{"line":276,"column":42}}]},"7":{"loc":{"start":{"line":311,"column":21},"end":{"line":311,"column":42}},"type":"binary-expr","locations":[{"start":{"line":311,"column":21},"end":{"line":311,"column":36}},{"start":{"line":311,"column":40},"end":{"line":311,"column":42}}]},"8":{"loc":{"start":{"line":336,"column":23},"end":{"line":336,"column":51}},"type":"binary-expr","locations":[{"start":{"line":336,"column":23},"end":{"line":336,"column":45}},{"start":{"line":336,"column":49},"end":{"line":336,"column":51}}]},"9":{"loc":{"start":{"line":351,"column":6},"end":{"line":353,"column":7}},"type":"if","locations":[{"start":{"line":351,"column":6},"end":{"line":353,"column":7}}]},"10":{"loc":{"start":{"line":369,"column":21},"end":{"line":369,"column":42}},"type":"binary-expr","locations":[{"start":{"line":369,"column":21},"end":{"line":369,"column":36}},{"start":{"line":369,"column":40},"end":{"line":369,"column":42}}]},"11":{"loc":{"start":{"line":442,"column":21},"end":{"line":442,"column":43}},"type":"binary-expr","locations":[{"start":{"line":442,"column":21},"end":{"line":442,"column":37}},{"start":{"line":442,"column":41},"end":{"line":442,"column":43}}]},"12":{"loc":{"start":{"line":443,"column":15},"end":{"line":443,"column":43}},"type":"binary-expr","locations":[{"start":{"line":443,"column":15},"end":{"line":443,"column":38}},{"start":{"line":443,"column":42},"end":{"line":443,"column":43}}]},"13":{"loc":{"start":{"line":449,"column":19},"end":{"line":449,"column":38}},"type":"binary-expr","locations":[{"start":{"line":449,"column":19},"end":{"line":449,"column":32}},{"start":{"line":449,"column":36},"end":{"line":449,"column":38}}]},"14":{"loc":{"start":{"line":450,"column":17},"end":{"line":450,"column":33}},"type":"binary-expr","locations":[{"start":{"line":450,"column":17},"end":{"line":450,"column":28}},{"start":{"line":450,"column":32},"end":{"line":450,"column":33}}]},"15":{"loc":{"start":{"line":487,"column":14},"end":{"line":487,"column":31}},"type":"binary-expr","locations":[{"start":{"line":487,"column":14},"end":{"line":487,"column":25}},{"start":{"line":487,"column":29},"end":{"line":487,"column":31}}]},"16":{"loc":{"start":{"line":505,"column":14},"end":{"line":505,"column":31}},"type":"binary-expr","locations":[{"start":{"line":505,"column":14},"end":{"line":505,"column":25}},{"start":{"line":505,"column":29},"end":{"line":505,"column":31}}]},"17":{"loc":{"start":{"line":523,"column":14},"end":{"line":523,"column":31}},"type":"binary-expr","locations":[{"start":{"line":523,"column":14},"end":{"line":523,"column":25}},{"start":{"line":523,"column":29},"end":{"line":523,"column":31}}]},"18":{"loc":{"start":{"line":553,"column":14},"end":{"line":553,"column":31}},"type":"binary-expr","locations":[{"start":{"line":553,"column":14},"end":{"line":553,"column":25}},{"start":{"line":553,"column":29},"end":{"line":553,"column":31}}]},"19":{"loc":{"start":{"line":568,"column":6},"end":{"line":570,"column":7}},"type":"if","locations":[{"start":{"line":568,"column":6},"end":{"line":570,"column":7}}]},"20":{"loc":{"start":{"line":576,"column":14},"end":{"line":576,"column":31}},"type":"binary-expr","locations":[{"start":{"line":576,"column":14},"end":{"line":576,"column":25}},{"start":{"line":576,"column":29},"end":{"line":576,"column":31}}]},"21":{"loc":{"start":{"line":591,"column":6},"end":{"line":596,"column":7}},"type":"if","locations":[{"start":{"line":591,"column":6},"end":{"line":596,"column":7}}]},"22":{"loc":{"start":{"line":591,"column":10},"end":{"line":591,"column":38}},"type":"binary-expr","locations":[{"start":{"line":591,"column":10},"end":{"line":591,"column":16}},{"start":{"line":591,"c
[...]
n":59}},"12":{"start":{"line":53,"column":4},"end":{"line":53,"column":42}},"13":{"start":{"line":18,"column":13},"end":{"line":18,"column":30}},"14":{"start":{"line":22,"column":2},"end":{"line":24,"column":null}},"15":{"start":{"line":28,"column":2},"end":{"line":30,"column":null}},"16":{"start":{"line":34,"column":2},"end":{"line":36,"column":null}},"17":{"start":{"line":40,"column":2},"end":{"line":42,"column":null}},"18":{"start":{"line":46,"column":2},"end":{"line":48,"column":null}},"19":{"start":{"line":52,"column":2},"end":{"line":54,"column":null}},"20":{"start":{"line":18,"column":13},"end":{"line":55,"column":null}}},"fnMap":{"0":{"name":"(anonymous_4)","decl":{"start":{"line":19,"column":2},"end":{"line":19,"column":31}},"loc":{"start":{"line":19,"column":61},"end":{"line":19,"column":65}}},"1":{"name":"(anonymous_5)","decl":{"start":{"line":22,"column":2},"end":{"line":22,"column":9}},"loc":{"start":{"line":22,"column":9},"end":{"line":24,"column":3}}},"2":{"name":"(anonymous_6)","decl":{"start":{"line":28,"column":2},"end":{"line":28,"column":18}},"loc":{"start":{"line":28,"column":55},"end":{"line":30,"column":3}}},"3":{"name":"(anonymous_7)","decl":{"start":{"line":34,"column":2},"end":{"line":34,"column":8}},"loc":{"start":{"line":34,"column":49},"end":{"line":36,"column":3}}},"4":{"name":"(anonymous_8)","decl":{"start":{"line":40,"column":2},"end":{"line":40,"column":9}},"loc":{"start":{"line":40,"column":33},"end":{"line":42,"column":3}}},"5":{"name":"(anonymous_9)","decl":{"start":{"line":46,"column":2},"end":{"line":46,"column":8}},"loc":{"start":{"line":46,"column":74},"end":{"line":48,"column":3}}},"6":{"name":"(anonymous_10)","decl":{"start":{"line":52,"column":2},"end":{"line":52,"column":8}},"loc":{"start":{"line":52,"column":32},"end":{"line":54,"column":3}}}},"branchMap":{},"s":{"0":1,"1":1,"2":1,"3":1,"4":1,"5":1,"6":7,"7":1,"8":1,"9":1,"10":1,"11":1,"12":1,"13":1,"14":1,"15":1,"16":1,"17":1,"18":1,"19":1,"20":1},"f":{"0":7,"1":1,"2":1,"3":1,"4":1,"5":1,"6":1},"b":{}}
,"/Users/castro/Development/projects/lime/backend/src/tenants/tenants.module.ts": {"path":"/Users/castro/Development/projects/lime/backend/src/tenants/tenants.module.ts","statementMap":{"0":{"start":{"line":1,"column":0},"end":{"line":1,"column":40}},"1":{"start":{"line":2,"column":0},"end":{"line":2,"column":48}},"2":{"start":{"line":3,"column":0},"end":{"line":3,"column":51}},"3":{"start":{"line":4,"column":0},"end":{"line":4,"column":57}},"4":{"start":{"line":5,"column":0},"end":{"line":5,"column":50}},"5":{"start":{"line":13,"column":7},"end":{"line":13,"column":null}},"6":{"start":{"line":13,"column":13},"end":{"line":13,"column":26}},"7":{"start":{"line":13,"column":13},"end":{"line":13,"column":null}}},"fnMap":{},"branchMap":{},"s":{"0":0,"1":0,"2":0,"3":0,"4":0,"5":0,"6":0,"7":0},"f":{},"b":{}}
,"/Users/castro/Development/projects/lime/backend/src/tenants/tenants.service.ts": {"path":"/Users/castro/Development/projects/lime/backend/src/tenants/tenants.service.ts","statementMap":{"0":{"start":{"line":1,"column":0},"end":{"line":1,"column":44}},"1":{"start":{"line":2,"column":0},"end":{"line":2,"column":51}},"2":{"start":{"line":3,"column":0},"end":{"line":3,"column":37}},"3":{"start":{"line":4,"column":0},"end":{"line":4,"column":50}},"4":{"start":{"line":9,"column":7},"end":{"line":46,"column":null}},"5":{"start":{"line":12,"column":12},"end":{"line":12,"column":30}},"6":{"start":{"line":16,"column":19},"end":{"line":19,"column":6}},"7":{"start":{"line":20,"column":4},"end":{"line":20,"column":46}},"8":{"start":{"line":24,"column":4},"end":{"line":26,"column":7}},"9":{"start":{"line":30,"column":4},"end":{"line":33,"column":7}},"10":{"start":{"line":37,"column":19},"end":{"line":37,"column":41}},"11":{"start":{"line":38,"column":4},"end":{"line":38,"column":43}},"12":{"start":{"line":39,"column":4},"end":{"line":39,"column":46}},"13":{"start":{"line":43,"column":19},"end":{"line":43,"column":41}},"14":{"start":{"line":44,"column":4},"end":{"line":44,"column":47}},"15":{"start":{"line":9,"column":13},"end":{"line":9,"column":27}},"16":{"start":{"line":9,"column":13},"end":{"line":46,"column":null}}},"fnMap":{"0":{"name":"(anonymous_4)","decl":{"start":{"line":10,"column":2},"end":{"line":10,"column":null}},"loc":{"start":{"line":12,"column":48},"end":{"line":13,"column":6}}},"1":{"name":"(anonymous_5)","decl":{"start":{"line":15,"column":2},"end":{"line":15,"column":7}},"loc":{"start":{"line":15,"column":47},"end":{"line":21,"column":3}}},"2":{"name":"(anonymous_6)","decl":{"start":{"line":23,"column":2},"end":{"line":23,"column":7}},"loc":{"start":{"line":23,"column":36},"end":{"line":27,"column":3}}},"3":{"name":"(anonymous_7)","decl":{"start":{"line":29,"column":2},"end":{"line":29,"column":7}},"loc":{"start":{"line":29,"column":48},"end":{"line":34,"column":3}}},"4":{"name":"(anonymous_8)","decl":{"start":{"line":36,"column":2},"end":{"line":36,"column":7}},"loc":{"start":{"line":36,"column":59},"end":{"line":40,"column":3}}},"5":{"name":"(anonymous_9)","decl":{"start":{"line":42,"column":2},"end":{"line":42,"column":7}},"loc":{"start":{"line":42,"column":25},"end":{"line":45,"column":3}}}},"branchMap":{"0":{"loc":{"start":{"line":18,"column":12},"end":{"line":18,"column":40}},"type":"binary-expr","locations":[{"start":{"line":18,"column":12},"end":{"line":18,"column":32}},{"start":{"line":18,"column":36},"end":{"line":18,"column":40}}]},"1":{"loc":{"start":{"line":23,"column":16},"end":{"line":23,"column":36}},"type":"default-arg","locations":[{"start":{"line":23,"column":31},"end":{"line":23,"column":36}}]},"2":{"loc":{"start":{"line":25,"column":17},"end":{"line":25,"column":46}},"type":"cond-expr","locations":[{"start":{"line":25,"column":32},"end":{"line":25,"column":41}},{"start":{"line":25,"column":44},"end":{"line":25,"column":46}}]},"3":{"loc":{"start":{"line":29,"column":28},"end":{"line":29,"column":48}},"type":"default-arg","locations":[{"start":{"line":29,"column":43},"end":{"line":29,"column":48}}]},"4":{"loc":{"start":{"line":32,"column":17},"end":{"line":32,"column":46}},"type":"cond-expr","locations":[{"start":{"line":32,"column":32},"end":{"line":32,"column":41}},{"start":{"line":32,"column":44},"end":{"line":32,"column":46}}]}},"s":{"0":1,"1":1,"2":1,"3":1,"4":1,"5":0,"6":0,"7":0,"8":0,"9":0,"10":0,"11":0,"12":0,"13":0,"14":0,"15":1,"16":1},"f":{"0":0,"1":0,"2":0,"3":0,"4":0,"5":0},"b":{"0":[0,0],"1":[0],"2":[0,0],"3":[0],"4":[0,0]}}
,"/Users/castro/Development/projects/lime/backend/src/tenants/dto/create-tenant.dto.ts": {"path":"/Users/castro/Development/projects/lime/backend/src/tenants/dto/create-tenant.dto.ts","statementMap":{"0":{"start":{"line":1,"column":0},"end":{"line":1,"column":55}},"1":{"start":{"line":3,"column":0},"end":{"line":3,"column":13}},"2":{"start":{"line":5,"column":2},"end":{"line":5,"column":null}},"3":{"start":{"line":9,"column":2},"end":{"line":9,"column":null}}},"fnMap":{},"branchMap":{},"s":{"0":1,"1":1,"2":1,"3":1},"f":{},"b":{}}
,"/Users/castro/Development/projects/lime/backend/src/tenants/dto/update-tenant.dto.ts": {"path":"/Users/castro/Development/projects/lime/backend/src/tenants/dto/update-tenant.dto.ts","statementMap":{"0":{"start":{"line":1,"column":0},"end":{"line":1,"column":55}},"1":{"start":{"line":3,"column":0},"end":{"line":3,"column":13}},"2":{"start":{"line":6,"column":2},"end":{"line":6,"column":null}},"3":{"start":{"line":10,"column":2},"end":{"line":10,"column":null}}},"fnMap":{},"branchMap":{},"s":{"0":1,"1":1,"2":1,"3":1},"f":{},"b":{}}
,"/Users/castro/Development/projects/lime/backend/src/tenants/entities/tenant.entity.ts": {"path":"/Users/castro/Development/projects/lime/backend/src/tenants/entities/tenant.entity.ts","statementMap":{"0":{"start":{"line":1,"column":0},"end":{"line":1,"column":76}},"1":{"start":{"line":2,"column":0},"end":{"line":2,"column":56}},"2":{"start":{"line":5,"column":7},"end":{"line":17,"column":null}},"3":{"start":{"line":5,"column":13},"end":{"line":5,"column":19}},"4":{"start":{"line":7,"column":2},"end":{"line":7,"column":null}},"5":{"start":{"line":10,"column":2},"end":{"line":10,"column":null}},"6":{"start":{"line":13,"column":2},"end":{"line":13,"column":null}},"7":{"start":{"line":16,"column":2},"end":{"line":16,"column":null}},"8":{"start":{"line":15,"column":19},"end":{"line":15,"column":23}},"9":{"start":{"line":15,"column":33},"end":{"line":15,"column":44}},"10":{"start":{"line":5,"column":13},"end":{"line":17,"column":null}}},"fnMap":{"0":{"name":"(anonymous_2)","decl":{"start":{"line":15,"column":13},"end":{"line":15,"column":16}},"loc":{"start":{"line":15,"column":19},"end":{"line":15,"column":23}}},"1":{"name":"(anonymous_3)","decl":{"start":{"line":15,"column":25},"end":{"line":15,"column":29}},"loc":{"start":{"line":15,"column":33},"end":{"line":15,"column":44}}}},"branchMap":{},"s":{"0":6,"1":6,"2":6,"3":6,"4":6,"5":6,"6":6,"7":6,"8":0,"9":0,"10":6},"f":{"0":0,"1":0},"b":{}}
,"/Users/castro/Development/projects/lime/backend/src/users/users.controller.ts": {"path":"/Users/castro/Development/projects/lime/backend/src/users/users.controller.ts","statementMap":{"0":{"start":{"line":1,"column":0},"end":{"line":1,"column":null}},"1":{"start":{"line":11,"column":0},"end":{"line":11,"column":47}},"2":{"start":{"line":12,"column":0},"end":{"line":12,"column":54}},"3":{"start":{"line":13,"column":0},"end":{"line":13,"column":54}},"4":{"start":{"line":14,"column":0},"end":{"line":14,"column":54}},"5":{"start":{"line":18,"column":7},"end":{"line":45,"column":null}},"6":{"start":{"line":19,"column":31},"end":{"line":19,"column":45}},"7":{"start":{"line":23,"column":4},"end":{"line":23,"column":51}},"8":{"start":{"line":28,"column":4},"end":{"line":28,"column":39}},"9":{"start":{"line":33,"column":4},"end":{"line":33,"column":41}},"10":{"start":{"line":38,"column":4},"end":{"line":38,"column":55}},"11":{"start":{"line":43,"column":4},"end":{"line":43,"column":40}},"12":{"start":{"line":18,"column":13},"end":{"line":18,"column":28}},"13":{"start":{"line":22,"column":2},"end":{"line":24,"column":null}},"14":{"start":{"line":27,"column":2},"end":{"line":29,"column":null}},"15":{"start":{"line":32,"column":2},"end":{"line":34,"column":null}},"16":{"start":{"line":37,"column":2},"end":{"line":39,"column":null}},"17":{"start":{"line":42,"column":2},"end":{"line":44,"column":null}},"18":{"start":{"line":18,"column":13},"end":{"line":45,"column":null}}},"fnMap":{"0":{"name":"(anonymous_4)","decl":{"start":{"line":19,"column":2},"end":{"line":19,"column":31}},"loc":{"start":{"line":19,"column":57},"end":{"line":19,"column":61}}},"1":{"name":"(anonymous_5)","decl":{"start":{"line":22,"column":2},"end":{"line":22,"column":8}},"loc":{"start":{"line":22,"column":45},"end":{"line":24,"column":3}}},"2":{"name":"(anonymous_6)","decl":{"start":{"line":27,"column":2},"end":{"line":27,"column":9}},"loc":{"start":{"line":27,"column":9},"end":{"line":29,"column":3}}},"3":{"name":"(anonymous_7)","decl":{"start":{"line":32,"column":2},"end":{"line":32,"column":9}},"loc":{"start":{"line":32,"column":33},"end":{"line":34,"column":3}}},"4":{"name":"(anonymous_8)","decl":{"start":{"line":37,"column":2},"end":{"line":37,"column":8}},"loc":{"start":{"line":37,"column":70},"end":{"line":39,"column":3}}},"5":{"name":"(anonymous_9)","decl":{"start":{"line":42,"column":2},"end":{"line":42,"column":8}},"loc":{"start":{"line":42,"column":32},"end":{"line":44,"column":3}}}},"branchMap":{},"s":{"0":1,"1":1,"2":1,"3":1,"4":1,"5":1,"6":7,"7":1,"8":1,"9":2,"10":1,"11":1,"12":1,"13":1,"14":1,"15":1,"16":1,"17":1,"18":1},"f":{"0":7,"1":1,"2":1,"3":2,"4":1,"5":1},"b":{}}
,"/Users/castro/Development/projects/lime/backend/src/users/users.module.ts": {"path":"/Users/castro/Development/projects/lime/backend/src/users/users.module.ts","statementMap":{"0":{"start":{"line":1,"column":0},"end":{"line":1,"column":40}},"1":{"start":{"line":2,"column":0},"end":{"line":2,"column":48}},"2":{"start":{"line":3,"column":0},"end":{"line":3,"column":47}},"3":{"start":{"line":4,"column":0},"end":{"line":4,"column":53}},"4":{"start":{"line":5,"column":0},"end":{"line":5,"column":46}},"5":{"start":{"line":13,"column":7},"end":{"line":13,"column":null}},"6":{"start":{"line":13,"column":13},"end":{"line":13,"column":24}},"7":{"start":{"line":13,"column":13},"end":{"line":13,"column":null}}},"fnMap":{},"branchMap":{},"s":{"0":0,"1":0,"2":0,"3":0,"4":0,"5":0,"6":0,"7":0},"f":{},"b":{}}
,"/Users/castro/Development/projects/lime/backend/src/users/users.service.ts": {"path":"/Users/castro/Development/projects/lime/backend/src/users/users.service.ts","statementMap":{"0":{"start":{"line":1,"column":0},"end":{"line":1,"column":63}},"1":{"start":{"line":2,"column":0},"end":{"line":2,"column":51}},"2":{"start":{"line":3,"column":0},"end":{"line":3,"column":37}},"3":{"start":{"line":4,"column":0},"end":{"line":4,"column":46}},"4":{"start":{"line":9,"column":7},"end":{"line":47,"column":null}},"5":{"start":{"line":12,"column":12},"end":{"line":12,"column":28}},"6":{"start":{"line":16,"column":17},"end":{"line":16,"column":58}},"7":{"start":{"line":17,"column":4},"end":{"line":17,"column":42}},"8":{"start":{"line":21,"column":4},"end":{"line":23,"column":7}},"9":{"start":{"line":27,"column":17},"end":{"line":30,"column":6}},"10":{"start":{"line":31,"column":4},"end":{"line":33,"column":5}},"11":{"start":{"line":32,"column":6},"end":{"line":32,"column":66}},"12":{"start":{"line":34,"column":4},"end":{"line":34,"column":16}},"13":{"start":{"line":38,"column":17},"end":{"line":38,"column":39}},"14":{"start":{"line":39,"column":4},"end":{"line":39,"column":39}},"15":{"start":{"line":40,"column":4},"end":{"line":40,"column":42}},"16":{"start":{"line":44,"column":17},"end":{"line":44,"column":39}},"17":{"start":{"line":45,"column":4},"end":{"line":45,"column":43}},"18":{"start":{"line":9,"column":13},"end":{"line":9,"column":25}},"19":{"start":{"line":9,"column":13},"end":{"line":47,"column":null}}},"fnMap":{"0":{"name":"(anonymous_4)","decl":{"start":{"line":10,"column":2},"end":{"line":10,"column":null}},"loc":{"start":{"line":12,"column":44},"end":{"line":13,"column":6}}},"1":{"name":"(anonymous_5)","decl":{"start":{"line":15,"column":2},"end":{"line":15,"column":7}},"loc":{"start":{"line":15,"column":43},"end":{"line":18,"column":3}}},"2":{"name":"(anonymous_6)","decl":{"start":{"line":20,"column":2},"end":{"line":20,"column":7}},"loc":{"start":{"line":20,"column":15},"end":{"line":24,"column":3}}},"3":{"name":"(anonymous_7)","decl":{"start":{"line":26,"column":2},"end":{"line":26,"column":7}},"loc":{"start":{"line":26,"column":26},"end":{"line":35,"column":3}}},"4":{"name":"(anonymous_8)","decl":{"start":{"line":37,"column":2},"end":{"line":37,"column":7}},"loc":{"start":{"line":37,"column":55},"end":{"line":41,"column":3}}},"5":{"name":"(anonymous_9)","decl":{"start":{"line":43,"column":2},"end":{"line":43,"column":7}},"loc":{"start":{"line":43,"column":25},"end":{"line":46,"column":3}}}},"branchMap":{"0":{"loc":{"start":{"line":31,"column":4},"end":{"line":33,"column":5}},"type":"if","locations":[{"start":{"line":31,"column":4},"end":{"line":33,"column":5}}]}},"s":{"0":1,"1":1,"2":1,"3":1,"4":1,"5":0,"6":0,"7":0,"8":0,"9":0,"10":0,"11":0,"12":0,"13":0,"14":0,"15":0,"16":0,"17":0,"18":1,"19":1},"f":{"0":0,"1":0,"2":0,"3":0,"4":0,"5":0},"b":{"0":[0]}}
,"/Users/castro/Development/projects/lime/backend/src/users/dto/create-user.dto.ts": {"path":"/Users/castro/Development/projects/lime/backend/src/users/dto/create-user.dto.ts","statementMap":{"0":{"start":{"line":1,"column":0},"end":{"line":1,"column":null}},"1":{"start":{"line":9,"column":0},"end":{"line":9,"column":51}},"2":{"start":{"line":11,"column":0},"end":{"line":11,"column":13}},"3":{"start":{"line":13,"column":2},"end":{"line":13,"column":null}},"4":{"start":{"line":17,"column":2},"end":{"line":17,"column":null}},"5":{"start":{"line":21,"column":2},"end":{"line":21,"column":null}},"6":{"start":{"line":25,"column":2},"end":{"line":25,"column":null}},"7":{"start":{"line":29,"column":2},"end":{"line":29,"column":null}},"8":{"start":{"line":33,"column":2},"end":{"line":33,"column":null}}},"fnMap":{},"branchMap":{},"s":{"0":3,"1":3,"2":3,"3":3,"4":3,"5":3,"6":3,"7":3,"8":3},"f":{},"b":{}}
,"/Users/castro/Development/projects/lime/backend/src/users/dto/update-user.dto.ts": {"path":"/Users/castro/Development/projects/lime/backend/src/users/dto/update-user.dto.ts","statementMap":{"0":{"start":{"line":1,"column":0},"end":{"line":1,"column":51}},"1":{"start":{"line":2,"column":0},"end":{"line":2,"column":50}},"2":{"start":{"line":4,"column":0},"end":{"line":4,"column":13}}},"fnMap":{},"branchMap":{},"s":{"0":1,"1":1,"2":1},"f":{},"b":{}}
,"/Users/castro/Development/projects/lime/backend/src/users/entities/user.entity.ts": {"path":"/Users/castro/Development/projects/lime/backend/src/users/entities/user.entity.ts","statementMap":{"0":{"start":{"line":1,"column":0},"end":{"line":1,"column":null}},"1":{"start":{"line":11,"column":0},"end":{"line":11,"column":59}},"2":{"start":{"line":12,"column":0},"end":{"line":12,"column":62}},"3":{"start":{"line":14,"column":0},"end":{"line":14,"column":null}},"4":{"start":{"line":15,"column":2},"end":{"line":15,"column":null}},"5":{"start":{"line":16,"column":2},"end":{"line":16,"column":null}},"6":{"start":{"line":17,"column":2},"end":{"line":17,"column":null}},"7":{"start":{"line":21,"column":7},"end":{"line":58,"column":null}},"8":{"start":{"line":21,"column":13},"end":{"line":21,"column":17}},"9":{"start":{"line":23,"column":2},"end":{"line":23,"column":null}},"10":{"start":{"line":26,"column":2},"end":{"line":26,"column":null}},"11":{"start":{"line":29,"column":2},"end":{"line":29,"column":null}},"12":{"start":{"line":32,"column":2},"end":{"line":32,"column":null}},"13":{"start":{"line":38,"column":2},"end":{"line":38,"column":null}},"14":{"start":{"line":41,"column":2},"end":{"line":41,"column":null}},"15":{"start":{"line":44,"column":2},"end":{"line":44,"column":null}},"16":{"start":{"line":48,"column":2},"end":{"line":48,"column":null}},"17":{"start":{"line":46,"column":19},"end":{"line":46,"column":25}},"18":{"start":{"line":46,"column":37},"end":{"line":46,"column":49}},"19":{"start":{"line":51,"column":2},"end":{"line":51,"column":null}},"20":{"start":{"line":50,"column":19},"end":{"line":50,"column":24}},"21":{"start":{"line":50,"column":35},"end":{"line":50,"column":45}},"22":{"start":{"line":54,"column":2},"end":{"line":54,"column":null}},"23":{"start":{"line":57,"column":2},"end":{"line":57,"column":null}},"24":{"start":{"line":21,"column":13},"end":{"line":58,"column":null}}},"fnMap":{"0":{"name":"(anonymous_2)","decl":{"start":{"line":14,"column":0},"end":{"line":14,"column":12}},"loc":{"start":{"line":14,"column":20},"end":{"line":18,"column":1}}},"1":{"name":"(anonymous_3)","decl":{"start":{"line":46,"column":13},"end":{"line":46,"column":16}},"loc":{"start":{"line":46,"column":19},"end":{"line":46,"column":25}}},"2":{"name":"(anonymous_4)","decl":{"start":{"line":46,"column":27},"end":{"line":46,"column":33}},"loc":{"start":{"line":46,"column":37},"end":{"line":46,"column":49}}},"3":{"name":"(anonymous_5)","decl":{"start":{"line":50,"column":13},"end":{"line":50,"column":16}},"loc":{"start":{"line":50,"column":19},"end":{"line":50,"column":24}}},"4":{"name":"(anonymous_6)","decl":{"start":{"line":50,"column":26},"end":{"line":50,"column":31}},"loc":{"start":{"line":50,"column":35},"end":{"line":50,"column":45}}}},"branchMap":{"0":{"loc":{"start":{"line":14,"column":12},"end":{"line":14,"column":null}},"type":"binary-expr","locations":[{"start":{"line":14,"column":12},"end":{"line":14,"column":20}},{"start":{"line":14,"column":20},"end":{"line":14,"column":null}}]}},"s":{"0":6,"1":6,"2":6,"3":6,"4":6,"5":6,"6":6,"7":6,"8":6,"9":6,"10":6,"11":6,"12":6,"13":6,"14":6,"15":6,"16":6,"17":0,"18":0,"19":6,"20":0,"21":0,"22":6,"23":6,"24":6},"f":{"0":6,"1":0,"2":0,"3":0,"4":0},"b":{"0":[6,6]}}
}
