TN:
SF:src/app.module.ts
FN:37,(anonymous_4)
FN:46,(anonymous_5)
FN:88,(anonymous_6)
FNF:3
FNH:0
FNDA:0,(anonymous_4)
FNDA:0,(anonymous_5)
FNDA:0,(anonymous_6)
DA:1,0
DA:2,0
DA:3,0
DA:4,0
DA:5,0
DA:6,0
DA:7,0
DA:8,0
DA:9,0
DA:10,0
DA:11,0
DA:12,0
DA:13,0
DA:14,0
DA:15,0
DA:16,0
DA:36,0
DA:39,0
DA:41,0
DA:43,0
DA:47,0
DA:51,0
DA:52,0
DA:54,0
DA:58,0
DA:59,0
DA:62,0
DA:64,0
DA:65,0
DA:69,0
DA:70,0
DA:72,0
DA:73,0
DA:81,0
DA:82,0
DA:83,0
DA:84,0
DA:89,0
DA:91,0
DA:92,0
DA:93,0
DA:95,0
DA:99,0
DA:103,0
DA:104,0
DA:106,0
DA:112,0
DA:113,0
DA:116,0
LF:49
LH:0
BRDA:51,0,0,0
BRDA:51,0,1,0
BRDA:69,1,0,0
BRDA:69,1,1,0
BRDA:103,2,0,0
BRDA:103,2,1,0
BRF:6
BRH:0
end_of_record
TN:
SF:src/main.ts
FN:5,bootstrap
FNF:1
FNH:0
FNDA:0,bootstrap
DA:1,0
DA:2,0
DA:3,0
DA:6,0
DA:8,0
DA:13,0
DA:21,0
DA:23,0
DA:24,0
DA:29,0
LF:10
LH:0
BRF:0
BRH:0
end_of_record
TN:
SF:src/auth/admin.controller.ts
FN:21,(anonymous_4)
FN:29,(anonymous_5)
FN:90,(anonymous_6)
FNF:3
FNH:3
FNDA:6,(anonymous_4)
FNDA:4,(anonymous_5)
FNDA:1,(anonymous_6)
DA:1,1
DA:10,1
DA:11,1
DA:12,1
DA:13,1
DA:14,1
DA:15,1
DA:16,1
DA:20,1
DA:22,6
DA:23,6
DA:25,6
DA:29,1
DA:30,4
DA:32,4
DA:33,1
DA:36,3
DA:38,3
DA:40,3
DA:42,2
DA:43,1
DA:47,1
DA:48,1
DA:49,1
DA:51,1
DA:52,1
DA:53,1
DA:59,1
DA:65,1
DA:66,1
DA:67,1
DA:69,1
DA:70,1
DA:71,1
DA:77,1
DA:81,1
DA:83,0
DA:90,1
DA:91,1
DA:92,1
DA:93,1
LF:41
LH:40
BRDA:32,0,0,1
BRDA:32,1,0,4
BRDA:32,1,1,3
BRDA:32,1,2,3
BRDA:40,2,0,2
BRDA:40,2,1,1
BRDA:42,3,0,1
BRDA:48,4,0,1
BRDA:66,5,0,1
BRDA:77,6,0,1
BRDA:78,7,0,1
BRDA:78,7,1,0
BRF:12
BRH:11
end_of_record
TN:
SF:src/auth/auth.controller.ts
FN:17,(anonymous_4)
FN:20,(anonymous_5)
FN:25,(anonymous_6)
FN:45,(anonymous_7)
FNF:4
FNH:4
FNDA:6,(anonymous_4)
FNDA:2,(anonymous_5)
FNDA:2,(anonymous_6)
FNDA:1,(anonymous_7)
DA:1,1
DA:10,1
DA:11,1
DA:12,1
DA:13,1
DA:16,1
DA:17,6
DA:20,1
DA:21,2
DA:25,1
DA:26,2
DA:28,2
DA:29,1
DA:32,1
DA:39,1
DA:40,1
DA:45,1
DA:46,1
LF:18
LH:18
BRDA:28,0,0,1
BRF:1
BRH:1
end_of_record
TN:
SF:src/auth/auth.module.ts
FNF:0
FNH:0
DA:1,0
DA:2,0
DA:3,0
DA:4,0
DA:5,0
DA:6,0
DA:7,0
DA:8,0
DA:9,0
DA:10,0
DA:25,0
LF:11
LH:0
BRDA:17,0,0,0
BRDA:17,0,1,0
BRF:2
BRH:0
end_of_record
TN:
SF:src/auth/auth.service.ts
FN:11,(anonymous_4)
FN:17,(anonymous_5)
FN:26,(anonymous_6)
FN:51,(anonymous_7)
FNF:4
FNH:0
FNDA:0,(anonymous_4)
FNDA:0,(anonymous_5)
FNDA:0,(anonymous_6)
FNDA:0,(anonymous_7)
DA:1,2
DA:2,2
DA:3,2
DA:4,2
DA:5,2
DA:6,2
DA:10,2
DA:13,0
DA:14,0
DA:18,0
DA:19,0
DA:20,0
DA:21,0
DA:23,0
DA:27,0
DA:28,0
DA:29,0
DA:32,0
DA:38,0
DA:58,0
DA:59,0
DA:66,0
LF:22
LH:7
BRDA:19,0,0,0
BRDA:19,1,0,0
BRDA:19,1,1,0
BRDA:28,2,0,0
BRF:4
BRH:0
end_of_record
TN:
SF:src/auth/jwt-auth.guard.ts
FNF:0
FNH:0
DA:1,6
DA:2,6
DA:5,6
LF:3
LH:3
BRF:0
BRH:0
end_of_record
TN:
SF:src/auth/jwt.strategy.ts
FN:7,(anonymous_2)
FN:15,(anonymous_3)
FNF:2
FNH:0
FNDA:0,(anonymous_2)
FNDA:0,(anonymous_3)
DA:1,0
DA:2,0
DA:3,0
DA:6,0
DA:8,0
DA:16,0
LF:6
LH:0
BRDA:11,0,0,0
BRDA:11,0,1,0
BRF:2
BRH:0
end_of_record
TN:
SF:src/auth/update-admin.service.ts
FN:8,(anonymous_4)
FN:13,(anonymous_5)
FNF:2
FNH:0
FNDA:0,(anonymous_4)
FNDA:0,(anonymous_5)
DA:1,1
DA:2,1
DA:3,1
DA:4,1
DA:7,1
DA:10,0
DA:14,0
DA:15,0
DA:16,0
DA:19,0
DA:20,0
LF:11
LH:5
BRDA:15,0,0,0
BRF:1
BRH:0
end_of_record
TN:
SF:src/auth/dto/login.dto.ts
FNF:0
FNH:0
DA:1,1
DA:3,1
DA:5,1
DA:8,1
LF:4
LH:4
BRF:0
BRH:0
end_of_record
TN:
SF:src/claims/claims.controller.ts
FN:21,(anonymous_4)
FN:24,(anonymous_5)
FN:44,(anonymous_6)
FN:50,(anonymous_7)
FN:57,(anonymous_8)
FN:63,(anonymous_9)
FN:78,(anonymous_10)
FNF:7
FNH:7
FNDA:9,(anonymous_4)
FNDA:3,(anonymous_5)
FNDA:1,(anonymous_6)
FNDA:1,(anonymous_7)
FNDA:1,(anonymous_8)
FNDA:1,(anonymous_9)
FNDA:1,(anonymous_10)
DA:1,1
DA:14,1
DA:15,1
DA:16,1
DA:17,1
DA:20,1
DA:21,9
DA:24,1
DA:29,3
DA:30,1
DA:32,2
DA:33,1
DA:35,1
DA:44,1
DA:45,1
DA:50,1
DA:51,1
DA:52,1
DA:57,1
DA:58,1
DA:63,1
DA:68,1
DA:78,1
DA:79,1
LF:24
LH:24
BRDA:29,0,0,1
BRDA:32,1,0,1
BRF:2
BRH:2
end_of_record
TN:
SF:src/claims/claims.module.ts
FNF:0
FNH:0
DA:1,0
DA:2,0
DA:3,0
DA:4,0
DA:5,0
DA:6,0
DA:14,0
LF:7
LH:0
BRF:0
BRH:0
end_of_record
TN:
SF:src/claims/claims.service.ts
FN:16,(anonymous_4)
FN:23,(anonymous_5)
FN:35,(anonymous_6)
FN:75,(anonymous_7)
FN:104,(anonymous_8)
FN:125,(anonymous_9)
FN:146,(anonymous_10)
FN:151,(anonymous_11)
FNF:8
FNH:0
FNDA:0,(anonymous_4)
FNDA:0,(anonymous_5)
FNDA:0,(anonymous_6)
FNDA:0,(anonymous_7)
FNDA:0,(anonymous_8)
FNDA:0,(anonymous_9)
FNDA:0,(anonymous_10)
FNDA:0,(anonymous_11)
DA:1,1
DA:6,1
DA:7,1
DA:8,1
DA:9,1
DA:10,1
DA:15,1
DA:18,0
DA:20,0
DA:25,0
DA:27,0
DA:32,0
DA:41,0
DA:45,0
DA:47,0
DA:48,0
DA:49,0
DA:51,0
DA:59,0
DA:63,0
DA:66,0
DA:72,0
DA:80,0
DA:84,0
DA:86,0
DA:89,0
DA:91,0
DA:92,0
DA:96,0
DA:98,0
DA:101,0
DA:109,0
DA:114,0
DA:115,0
DA:118,0
DA:119,0
DA:120,0
DA:122,0
DA:131,0
DA:134,0
DA:139,0
DA:142,0
DA:143,0
DA:147,0
DA:148,0
DA:152,0
DA:153,0
DA:154,0
LF:48
LH:7
BRDA:25,0,0,0
BRDA:25,0,1,0
BRDA:45,1,0,0
BRDA:63,2,0,0
BRDA:63,2,1,0
BRDA:84,3,0,0
BRDA:89,4,0,0
BRDA:89,4,1,0
BRDA:91,5,0,0
BRDA:96,6,0,0
BRDA:114,7,0,0
BRDA:114,8,0,0
BRDA:114,8,1,0
BRDA:119,9,0,0
BRDA:134,10,0,0
BRDA:135,11,0,0
BRDA:135,11,1,0
BRDA:135,11,2,0
BRF:18
BRH:0
end_of_record
TN:
SF:src/claims/dto/create-claim.dto.ts
FNF:0
FNH:0
DA:1,1
DA:2,1
DA:4,1
DA:7,1
DA:11,1
DA:14,1
LF:6
LH:6
BRF:0
BRH:0
end_of_record
TN:
SF:src/claims/dto/update-claim.dto.ts
FNF:0
FNH:0
DA:1,1
DA:2,1
DA:4,1
LF:3
LH:3
BRF:0
BRH:0
end_of_record
TN:
SF:src/claims/entities/claim.entity.ts
FN:12,(anonymous_2)
FN:35,(anonymous_3)
FN:35,(anonymous_4)
FNF:3
FNH:1
FNDA:6,(anonymous_2)
FNDA:0,(anonymous_3)
FNDA:0,(anonymous_4)
DA:1,6
DA:10,6
DA:12,6
DA:13,6
DA:14,6
DA:15,6
DA:19,6
DA:21,6
DA:24,6
DA:30,6
DA:33,6
DA:35,0
DA:37,6
DA:40,6
DA:43,6
DA:46,6
LF:16
LH:15
BRDA:12,0,0,6
BRDA:12,0,1,6
BRF:2
BRH:2
end_of_record
TN:
SF:src/config/config.controller.ts
FN:16,(anonymous_4)
FN:19,(anonymous_5)
FN:28,(anonymous_6)
FN:35,(anonymous_7)
FN:42,(anonymous_8)
FNF:5
FNH:5
FNDA:6,(anonymous_4)
FNDA:2,(anonymous_5)
FNDA:1,(anonymous_6)
FNDA:1,(anonymous_7)
FNDA:1,(anonymous_8)
DA:1,1
DA:11,1
DA:12,1
DA:15,1
DA:16,6
DA:19,1
DA:20,2
DA:21,1
DA:23,1
DA:28,1
DA:29,1
DA:30,1
DA:35,1
DA:36,1
DA:37,1
DA:42,1
DA:43,1
DA:44,1
DA:45,1
LF:19
LH:19
BRDA:20,0,0,1
BRF:1
BRH:1
end_of_record
TN:
SF:src/config/config.module.ts
FNF:0
FNH:0
DA:1,0
DA:2,0
DA:3,0
DA:4,0
DA:5,0
DA:13,0
LF:6
LH:0
BRF:0
BRH:0
end_of_record
TN:
SF:src/config/config.service.ts
FN:46,(anonymous_4)
FN:51,(anonymous_5)
FN:56,(anonymous_6)
FN:68,(anonymous_7)
FN:81,(anonymous_8)
FN:94,(anonymous_9)
FN:112,(anonymous_10)
FN:116,(anonymous_11)
FN:121,(anonymous_12)
FN:126,(anonymous_13)
FNF:10
FNH:0
FNDA:0,(anonymous_4)
FNDA:0,(anonymous_5)
FNDA:0,(anonymous_6)
FNDA:0,(anonymous_7)
FNDA:0,(anonymous_8)
FNDA:0,(anonymous_9)
FNDA:0,(anonymous_10)
FNDA:0,(anonymous_11)
FNDA:0,(anonymous_12)
FNDA:0,(anonymous_13)
DA:1,1
DA:2,1
DA:3,1
DA:4,1
DA:5,1
DA:6,1
DA:43,1
DA:48,0
DA:57,0
DA:61,0
DA:62,0
DA:64,0
DA:69,0
DA:82,0
DA:83,0
DA:84,0
DA:85,0
DA:87,0
DA:89,0
DA:90,0
DA:95,0
DA:99,0
DA:100,0
DA:106,0
DA:109,0
DA:113,0
DA:117,0
DA:118,0
DA:122,0
DA:123,0
DA:127,0
DA:128,0
LF:32
LH:7
BRDA:61,0,0,0
BRDA:61,0,1,0
BRDA:99,1,0,0
BRDA:99,1,1,0
BRF:4
BRH:0
end_of_record
TN:
SF:src/config/entities/config.entity.ts
FN:12,(anonymous_2)
FNF:1
FNH:0
FNDA:0,(anonymous_2)
DA:1,1
DA:2,1
DA:5,1
DA:7,1
DA:10,1
DA:12,0
DA:14,1
DA:17,1
LF:8
LH:7
BRF:0
BRH:0
end_of_record
TN:
SF:src/grpc/grpc.controller.ts
FN:11,(anonymous_2)
FN:13,(anonymous_3)
FN:19,(anonymous_4)
FN:29,(anonymous_5)
FN:49,(anonymous_6)
FN:78,(anonymous_7)
FN:104,(anonymous_8)
FN:126,(anonymous_9)
FN:155,(anonymous_10)
FN:184,(anonymous_11)
FNF:10
FNH:0
FNDA:0,(anonymous_2)
FNDA:0,(anonymous_3)
FNDA:0,(anonymous_4)
FNDA:0,(anonymous_5)
FNDA:0,(anonymous_6)
FNDA:0,(anonymous_7)
FNDA:0,(anonymous_8)
FNDA:0,(anonymous_9)
FNDA:0,(anonymous_10)
FNDA:0,(anonymous_11)
DA:1,0
DA:2,0
DA:3,0
DA:4,0
DA:5,0
DA:8,0
DA:11,0
DA:14,0
DA:15,0
DA:16,0
DA:20,0
DA:21,0
DA:23,0
DA:31,0
DA:34,0
DA:37,0
DA:40,0
DA:43,0
DA:46,0
DA:50,0
DA:61,0
DA:64,0
DA:66,0
DA:79,0
DA:90,0
DA:93,0
DA:95,0
DA:105,0
DA:116,0
DA:117,0
DA:119,0
DA:127,0
DA:138,0
DA:141,0
DA:143,0
DA:156,0
DA:167,0
DA:170,0
DA:172,0
DA:185,0
DA:196,0
DA:199,0
DA:201,0
LF:43
LH:0
BRDA:20,0,0,0
BRDA:20,0,1,0
BRF:2
BRH:0
end_of_record
TN:
SF:src/grpc/grpc.module.ts
FNF:0
FNH:0
DA:1,0
DA:2,0
DA:3,0
DA:4,0
DA:5,0
DA:6,0
DA:7,0
DA:8,0
DA:9,0
DA:10,0
DA:24,0
LF:11
LH:0
BRF:0
BRH:0
end_of_record
TN:
SF:src/grpc/grpc.service.ts
FN:16,(anonymous_4)
FN:28,(anonymous_5)
FN:57,(anonymous_6)
FN:79,(anonymous_7)
FN:111,(anonymous_8)
FN:124,(anonymous_9)
FN:136,(anonymous_10)
FN:152,(anonymous_11)
FN:203,(anonymous_12)
FN:234,(anonymous_13)
FN:254,(anonymous_14)
FN:285,(anonymous_15)
FN:298,(anonymous_16)
FN:305,(anonymous_17)
FN:323,(anonymous_18)
FN:344,(anonymous_19)
FN:378,(anonymous_20)
FN:397,(anonymous_21)
FN:414,(anonymous_22)
FN:431,(anonymous_23)
FN:439,(anonymous_24)
FN:444,(anonymous_25)
FN:460,(anonymous_26)
FN:476,(anonymous_27)
FN:494,(anonymous_28)
FN:512,(anonymous_29)
FN:530,(anonymous_30)
FN:543,(anonymous_31)
FN:550,(anonymous_32)
FN:562,(anonymous_33)
FN:584,(anonymous_34)
FN:668,(anonymous_35)
FNF:32
FNH:0
FNDA:0,(anonymous_4)
FNDA:0,(anonymous_5)
FNDA:0,(anonymous_6)
FNDA:0,(anonymous_7)
FNDA:0,(anonymous_8)
FNDA:0,(anonymous_9)
FNDA:0,(anonymous_10)
FNDA:0,(anonymous_11)
FNDA:0,(anonymous_12)
FNDA:0,(anonymous_13)
FNDA:0,(anonymous_14)
FNDA:0,(anonymous_15)
FNDA:0,(anonymous_16)
FNDA:0,(anonymous_17)
FNDA:0,(anonymous_18)
FNDA:0,(anonymous_19)
FNDA:0,(anonymous_20)
FNDA:0,(anonymous_21)
FNDA:0,(anonymous_22)
FNDA:0,(anonymous_23)
FNDA:0,(anonymous_24)
FNDA:0,(anonymous_25)
FNDA:0,(anonymous_26)
FNDA:0,(anonymous_27)
FNDA:0,(anonymous_28)
FNDA:0,(anonymous_29)
FNDA:0,(anonymous_30)
FNDA:0,(anonymous_31)
FNDA:0,(anonymous_32)
FNDA:0,(anonymous_33)
FNDA:0,(anonymous_34)
FNDA:0,(anonymous_35)
DA:1,0
DA:2,0
DA:3,0
DA:5,0
DA:6,0
DA:7,0
DA:8,0
DA:9,0
DA:10,0
DA:12,0
DA:15,0
DA:17,0
DA:18,0
DA:19,0
DA:20,0
DA:21,0
DA:22,0
DA:24,0
DA:32,0
DA:33,0
DA:34,0
DA:43,0
DA:53,0
DA:61,0
DA:62,0
DA:63,0
DA:65,0
DA:75,0
DA:83,0
DA:85,0
DA:86,0
DA:97,0
DA:107,0
DA:115,0
DA:116,0
DA:117,0
DA:118,0
DA:120,0
DA:128,0
DA:129,0
DA:130,0
DA:136,0
DA:146,0
DA:148,0
DA:156,0
DA:163,0
DA:165,0
DA:166,0
DA:171,0
DA:172,0
DA:178,0
DA:188,0
DA:198,0
DA:207,0
DA:209,0
DA:210,0
DA:219,0
DA:230,0
DA:235,0
DA:236,0
DA:237,0
DA:239,0
DA:250,0
DA:258,0
DA:260,0
DA:261,0
DA:270,0
DA:281,0
DA:289,0
DA:290,0
DA:291,0
DA:292,0
DA:294,0
DA:302,0
DA:303,0
DA:305,0
DA:316,0
DA:318,0
DA:324,0
DA:325,0
DA:326,0
DA:328,0
DA:340,0
DA:348,0
DA:349,0
DA:351,0
DA:352,0
DA:355,0
DA:363,0
DA:374,0
DA:382,0
DA:385,0
DA:392,0
DA:401,0
DA:402,0
DA:403,0
DA:405,0
DA:410,0
DA:418,0
DA:419,0
DA:420,0
DA:422,0
DA:427,0
DA:435,0
DA:436,0
DA:437,0
DA:439,0
DA:444,0
DA:454,0
DA:456,0
DA:464,0
DA:465,0
DA:466,0
DA:467,0
DA:469,0
DA:471,0
DA:480,0
DA:481,0
DA:482,0
DA:484,0
DA:490,0
DA:498,0
DA:499,0
DA:500,0
DA:502,0
DA:508,0
DA:516,0
DA:517,0
DA:518,0
DA:520,0
DA:526,0
DA:534,0
DA:535,0
DA:536,0
DA:537,0
DA:539,0
DA:547,0
DA:548,0
DA:550,0
DA:556,0
DA:558,0
DA:566,0
DA:567,0
DA:568,0
DA:569,0
DA:571,0
DA:573,0
DA:579,0
DA:588,0
DA:589,0
DA:591,0
DA:592,0
DA:598,0
DA:600,0
DA:602,0
DA:604,0
DA:605,0
DA:609,0
DA:610,0
DA:611,0
DA:613,0
DA:614,0
DA:615,0
DA:630,0
DA:637,0
DA:638,0
DA:639,0
DA:641,0
DA:642,0
DA:643,0
DA:658,0
DA:664,0
DA:672,0
DA:673,0
DA:674,0
DA:675,0
DA:677,0
DA:688,0
LF:178
LH:0
BRDA:91,0,0,0
BRDA:91,0,1,0
BRDA:132,1,0,0
BRDA:132,1,1,0
BRDA:165,2,0,0
BRDA:171,3,0,0
BRDA:225,4,0,0
BRDA:225,4,1,0
BRDA:245,5,0,0
BRDA:245,5,1,0
BRDA:276,6,0,0
BRDA:276,6,1,0
BRDA:311,7,0,0
BRDA:311,7,1,0
BRDA:336,8,0,0
BRDA:336,8,1,0
BRDA:351,9,0,0
BRDA:369,10,0,0
BRDA:369,10,1,0
BRDA:442,11,0,0
BRDA:442,11,1,0
BRDA:443,12,0,0
BRDA:443,12,1,0
BRDA:449,13,0,0
BRDA:449,13,1,0
BRDA:450,14,0,0
BRDA:450,14,1,0
BRDA:487,15,0,0
BRDA:487,15,1,0
BRDA:505,16,0,0
BRDA:505,16,1,0
BRDA:523,17,0,0
BRDA:523,17,1,0
BRDA:553,18,0,0
BRDA:553,18,1,0
BRDA:568,19,0,0
BRDA:576,20,0,0
BRDA:576,20,1,0
BRDA:591,21,0,0
BRDA:591,22,0,0
BRDA:591,22,1,0
BRDA:591,22,2,0
BRDA:602,23,0,0
BRDA:602,23,1,0
BRDA:604,24,0,0
BRDA:610,25,0,0
BRDA:623,26,0,0
BRDA:623,26,1,0
BRDA:638,27,0,0
BRDA:651,28,0,0
BRDA:651,28,1,0
BRDA:683,29,0,0
BRDA:683,29,1,0
BRF:53
BRH:0
end_of_record
TN:
SF:src/tenants/tenants.controller.ts
FN:19,(anonymous_4)
FN:22,(anonymous_5)
FN:28,(anonymous_6)
FN:34,(anonymous_7)
FN:40,(anonymous_8)
FN:46,(anonymous_9)
FN:52,(anonymous_10)
FNF:7
FNH:7
FNDA:7,(anonymous_4)
FNDA:1,(anonymous_5)
FNDA:1,(anonymous_6)
FNDA:1,(anonymous_7)
FNDA:1,(anonymous_8)
FNDA:1,(anonymous_9)
FNDA:1,(anonymous_10)
DA:1,1
DA:12,1
DA:13,1
DA:14,1
DA:15,1
DA:18,1
DA:19,7
DA:22,1
DA:23,1
DA:28,1
DA:29,1
DA:34,1
DA:35,1
DA:40,1
DA:41,1
DA:46,1
DA:47,1
DA:52,1
DA:53,1
LF:19
LH:19
BRF:0
BRH:0
end_of_record
TN:
SF:src/tenants/tenants.module.ts
FNF:0
FNH:0
DA:1,0
DA:2,0
DA:3,0
DA:4,0
DA:5,0
DA:13,0
LF:6
LH:0
BRF:0
BRH:0
end_of_record
TN:
SF:src/tenants/tenants.service.ts
FN:10,(anonymous_4)
FN:15,(anonymous_5)
FN:23,(anonymous_6)
FN:29,(anonymous_7)
FN:36,(anonymous_8)
FN:42,(anonymous_9)
FNF:6
FNH:0
FNDA:0,(anonymous_4)
FNDA:0,(anonymous_5)
FNDA:0,(anonymous_6)
FNDA:0,(anonymous_7)
FNDA:0,(anonymous_8)
FNDA:0,(anonymous_9)
DA:1,1
DA:2,1
DA:3,1
DA:4,1
DA:9,1
DA:12,0
DA:16,0
DA:20,0
DA:24,0
DA:30,0
DA:37,0
DA:38,0
DA:39,0
DA:43,0
DA:44,0
LF:15
LH:5
BRDA:18,0,0,0
BRDA:18,0,1,0
BRDA:23,1,0,0
BRDA:25,2,0,0
BRDA:25,2,1,0
BRDA:29,3,0,0
BRDA:32,4,0,0
BRDA:32,4,1,0
BRF:8
BRH:0
end_of_record
TN:
SF:src/tenants/dto/create-tenant.dto.ts
FNF:0
FNH:0
DA:1,1
DA:3,1
DA:5,1
DA:9,1
LF:4
LH:4
BRF:0
BRH:0
end_of_record
TN:
SF:src/tenants/dto/update-tenant.dto.ts
FNF:0
FNH:0
DA:1,1
DA:3,1
DA:6,1
DA:10,1
LF:4
LH:4
BRF:0
BRH:0
end_of_record
TN:
SF:src/tenants/entities/tenant.entity.ts
FN:15,(anonymous_2)
FN:15,(anonymous_3)
FNF:2
FNH:0
FNDA:0,(anonymous_2)
FNDA:0,(anonymous_3)
DA:1,6
DA:2,6
DA:5,6
DA:7,6
DA:10,6
DA:13,6
DA:15,0
DA:16,6
LF:8
LH:7
BRF:0
BRH:0
end_of_record
TN:
SF:src/users/users.controller.ts
FN:19,(anonymous_4)
FN:22,(anonymous_5)
FN:27,(anonymous_6)
FN:32,(anonymous_7)
FN:37,(anonymous_8)
FN:42,(anonymous_9)
FNF:6
FNH:6
FNDA:7,(anonymous_4)
FNDA:1,(anonymous_5)
FNDA:1,(anonymous_6)
FNDA:2,(anonymous_7)
FNDA:1,(anonymous_8)
FNDA:1,(anonymous_9)
DA:1,1
DA:11,1
DA:12,1
DA:13,1
DA:14,1
DA:18,1
DA:19,7
DA:22,1
DA:23,1
DA:27,1
DA:28,1
DA:32,1
DA:33,2
DA:37,1
DA:38,1
DA:42,1
DA:43,1
LF:17
LH:17
BRF:0
BRH:0
end_of_record
TN:
SF:src/users/users.module.ts
FNF:0
FNH:0
DA:1,0
DA:2,0
DA:3,0
DA:4,0
DA:5,0
DA:13,0
LF:6
LH:0
BRF:0
BRH:0
end_of_record
TN:
SF:src/users/users.service.ts
FN:10,(anonymous_4)
FN:15,(anonymous_5)
FN:20,(anonymous_6)
FN:26,(anonymous_7)
FN:37,(anonymous_8)
FN:43,(anonymous_9)
FNF:6
FNH:0
FNDA:0,(anonymous_4)
FNDA:0,(anonymous_5)
FNDA:0,(anonymous_6)
FNDA:0,(anonymous_7)
FNDA:0,(anonymous_8)
FNDA:0,(anonymous_9)
DA:1,1
DA:2,1
DA:3,1
DA:4,1
DA:9,1
DA:12,0
DA:16,0
DA:17,0
DA:21,0
DA:27,0
DA:31,0
DA:32,0
DA:34,0
DA:38,0
DA:39,0
DA:40,0
DA:44,0
DA:45,0
LF:18
LH:5
BRDA:31,0,0,0
BRF:1
BRH:0
end_of_record
TN:
SF:src/users/dto/create-user.dto.ts
FNF:0
FNH:0
DA:1,3
DA:9,3
DA:11,3
DA:13,3
DA:17,3
DA:21,3
DA:25,3
DA:29,3
DA:33,3
LF:9
LH:9
BRF:0
BRH:0
end_of_record
TN:
SF:src/users/dto/update-user.dto.ts
FNF:0
FNH:0
DA:1,1
DA:2,1
DA:4,1
LF:3
LH:3
BRF:0
BRH:0
end_of_record
TN:
SF:src/users/entities/user.entity.ts
FN:14,(anonymous_2)
FN:46,(anonymous_3)
FN:46,(anonymous_4)
FN:50,(anonymous_5)
FN:50,(anonymous_6)
FNF:5
FNH:1
FNDA:6,(anonymous_2)
FNDA:0,(anonymous_3)
FNDA:0,(anonymous_4)
FNDA:0,(anonymous_5)
FNDA:0,(anonymous_6)
DA:1,6
DA:11,6
DA:12,6
DA:14,6
DA:15,6
DA:16,6
DA:17,6
DA:21,6
DA:23,6
DA:26,6
DA:29,6
DA:32,6
DA:38,6
DA:41,6
DA:44,6
DA:46,0
DA:48,6
DA:50,0
DA:51,6
DA:54,6
DA:57,6
LF:21
LH:19
BRDA:14,0,0,6
BRDA:14,0,1,6
BRF:2
BRH:2
end_of_record
